Release 14.7 - xst P.20131013 (nt)
Copyright (c) 1995-2013 Xilinx, Inc.  All rights reserved.
--> Parameter TMPDIR set to xst/projnav.tmp


Total REAL time to Xst completion: 1.00 secs
Total CPU time to Xst completion: 0.62 secs
 
--> Parameter xsthdpdir set to xst


Total REAL time to Xst completion: 1.00 secs
Total CPU time to Xst completion: 0.62 secs
 
--> Reading design: musicplayer_top.prj

TABLE OF CONTENTS
  1) Synthesis Options Summary
  2) HDL Compilation
  3) Design Hierarchy Analysis
  4) HDL Analysis
  5) HDL Synthesis
     5.1) HDL Synthesis Report
  6) Advanced HDL Synthesis
     6.1) Advanced HDL Synthesis Report
  7) Low Level Synthesis
  8) Partition Report
  9) Final Report
	9.1) Device utilization summary
	9.2) Partition Resource Summary
	9.3) TIMING REPORT


=========================================================================
*                      Synthesis Options Summary                        *
=========================================================================
---- Source Parameters
Input File Name                    : "musicplayer_top.prj"
Input Format                       : mixed
Ignore Synthesis Constraint File   : NO

---- Target Parameters
Output File Name                   : "musicplayer_top"
Output Format                      : NGC
Target Device                      : xc3s400-4-ft256

---- Source Options
Top Module Name                    : musicplayer_top
Automatic FSM Extraction           : YES
FSM Encoding Algorithm             : Auto
Safe Implementation                : No
FSM Style                          : LUT
RAM Extraction                     : Yes
RAM Style                          : Auto
ROM Extraction                     : Yes
Mux Style                          : Auto
Decoder Extraction                 : YES
Priority Encoder Extraction        : Yes
Shift Register Extraction          : YES
Logical Shifter Extraction         : YES
XOR Collapsing                     : YES
ROM Style                          : Auto
Mux Extraction                     : Yes
Resource Sharing                   : YES
Asynchronous To Synchronous        : NO
Multiplier Style                   : Auto
Automatic Register Balancing       : No

---- Target Options
Add IO Buffers                     : YES
Global Maximum Fanout              : 100000
Add Generic Clock Buffer(BUFG)     : 8
Register Duplication               : YES
Slice Packing                      : YES
Optimize Instantiated Primitives   : NO
Use Clock Enable                   : Yes
Use Synchronous Set                : Yes
Use Synchronous Reset              : Yes
Pack IO Registers into IOBs        : Auto
Equivalent register Removal        : YES

---- General Options
Optimization Goal                  : Speed
Optimization Effort                : 1
Keep Hierarchy                     : No
Netlist Hierarchy                  : As_Optimized
RTL Output                         : Yes
Global Optimization                : AllClockNets
Read Cores                         : YES
Write Timing Constraints           : NO
Cross Clock Analysis               : NO
Hierarchy Separator                : /
Bus Delimiter                      : <>
Case Specifier                     : Maintain
Slice Utilization Ratio            : 100
BRAM Utilization Ratio             : 100
Verilog 2001                       : YES
Auto BRAM Packing                  : NO
Slice Utilization Ratio Delta      : 5

=========================================================================


=========================================================================
*                          HDL Compilation                              *
=========================================================================
Compiling vhdl file "C:/Users/luong/Documents/4thyr/SEM2/COMP3601/musicplayer_25Mhz_v1/clock_divider.vhd" in Library work.
Architecture behavioral of Entity clock_divider is up to date.
Compiling vhdl file "C:/Users/luong/Documents/4thyr/SEM2/COMP3601/musicplayer_25Mhz_v1/note_timer.vhd" in Library work.
Architecture behavioral of Entity note_timer is up to date.
Compiling vhdl file "C:/Users/luong/Documents/4thyr/SEM2/COMP3601/musicplayer_25Mhz_v1/SevenSegment.vhd" in Library work.
Architecture my_sseg of Entity sevensegment is up to date.
Compiling vhdl file "C:/Users/luong/Documents/4thyr/SEM2/COMP3601/musicplayer_25Mhz_v1/trySense.vhd" in Library work.
Architecture behavioral of Entity trysense is up to date.
Compiling vhdl file "C:/Users/luong/Documents/4thyr/SEM2/COMP3601/musicplayer_25Mhz_v1/timer.vhd" in Library work.
Architecture behavioral of Entity timermod is up to date.
Compiling vhdl file "C:/Users/luong/Documents/4thyr/SEM2/COMP3601/musicplayer_25Mhz_v1/swingCounter.vhd" in Library work.
Architecture behavioral of Entity swingmodule is up to date.
Compiling vhdl file "C:/Users/luong/Documents/4thyr/SEM2/COMP3601/musicplayer_25Mhz_v1/register_8b.vhd" in Library work.
Architecture behavioral of Entity register_8b is up to date.
Compiling vhdl file "C:/Users/luong/Documents/4thyr/SEM2/COMP3601/musicplayer_25Mhz_v1/mux2to1_8b.vhd" in Library work.
Architecture behavioral of Entity mux2to1_8b is up to date.
Compiling vhdl file "C:/Users/luong/Documents/4thyr/SEM2/COMP3601/musicplayer_25Mhz_v1/adder_8b.vhd" in Library work.
Architecture behavioural of Entity adder_8b is up to date.
Compiling vhdl file "C:/Users/luong/Documents/4thyr/SEM2/COMP3601/musicplayer_25Mhz_v1/eppctrl.vhd" in Library work.
Entity <eppctrl> compiled.
Entity <eppctrl> (Architecture <behavioral>) compiled.
Compiling vhdl file "C:/Users/luong/Documents/4thyr/SEM2/COMP3601/musicplayer_25Mhz_v1/memory.vhd" in Library work.
Architecture behavioral of Entity memory is up to date.
Compiling vhdl file "C:/Users/luong/Documents/4thyr/SEM2/COMP3601/musicplayer_25Mhz_v1/register_12b.vhd" in Library work.
Architecture behavioral of Entity register_12b is up to date.
Compiling vhdl file "C:/Users/luong/Documents/4thyr/SEM2/COMP3601/musicplayer_25Mhz_v1/sensorComponent.vhd" in Library work.
Architecture behavioral of Entity sensorcomponent is up to date.
Compiling vhdl file "C:/Users/luong/Documents/4thyr/SEM2/COMP3601/musicplayer_25Mhz_v1/sevenseghex.vhd" in Library work.
Architecture behavioral of Entity sevenseghex is up to date.
Compiling vhdl file "C:/Users/luong/Documents/4thyr/SEM2/COMP3601/musicplayer_25Mhz_v1/sound_generator.vhd" in Library work.
Architecture behavioral of Entity sound_generator is up to date.
Compiling vhdl file "C:/Users/luong/Documents/4thyr/SEM2/COMP3601/musicplayer_25Mhz_v1/musicplayer_top.vhd" in Library work.
Architecture behavioral of Entity musicplayer_top is up to date.

=========================================================================
*                     Design Hierarchy Analysis                         *
=========================================================================
Analyzing hierarchy for entity <musicplayer_top> in library <work> (architecture <behavioral>).

Analyzing hierarchy for entity <register_8b> in library <work> (architecture <behavioral>).

Analyzing hierarchy for entity <mux2to1_8b> in library <work> (architecture <behavioral>).

Analyzing hierarchy for entity <adder_8b> in library <work> (architecture <behavioural>).

Analyzing hierarchy for entity <eppctrl> in library <work> (architecture <behavioral>).

Analyzing hierarchy for entity <memory> in library <work> (architecture <behavioral>).

Analyzing hierarchy for entity <register_12b> in library <work> (architecture <behavioral>).

Analyzing hierarchy for entity <sensorComponent> in library <work> (architecture <behavioral>).

Analyzing hierarchy for entity <sevenseghex> in library <work> (architecture <behavioral>).

Analyzing hierarchy for entity <sound_generator> in library <work> (architecture <behavioral>).

Analyzing hierarchy for entity <trySense> in library <work> (architecture <behavioral>).

Analyzing hierarchy for entity <timerMod> in library <work> (architecture <behavioral>).

Analyzing hierarchy for entity <swingmodule> in library <work> (architecture <behavioral>).

Analyzing hierarchy for entity <SevenSegment> in library <work> (architecture <my_sseg>).

Analyzing hierarchy for entity <clock_divider> in library <work> (architecture <behavioral>).

Analyzing hierarchy for entity <note_timer> in library <work> (architecture <behavioral>).


=========================================================================
*                            HDL Analysis                               *
=========================================================================
Analyzing Entity <musicplayer_top> in library <work> (Architecture <behavioral>).
WARNING:Xst:753 - "C:/Users/luong/Documents/4thyr/SEM2/COMP3601/musicplayer_25Mhz_v1/musicplayer_top.vhd" line 334: Unconnected output port 'mem_zero' of component 'memory'.
WARNING:Xst:819 - "C:/Users/luong/Documents/4thyr/SEM2/COMP3601/musicplayer_25Mhz_v1/musicplayer_top.vhd" line 599: One or more signals are missing in the process sensitivity list. To enable synthesis of FPGA/CPLD hardware, XST will assume that all necessary signals are present in the sensitivity list. Please note that the result of the synthesis may differ from the initial design specification. The missing signals are:
   <sig_epp_write_en>, <sig_sound_gen_out>
Entity <musicplayer_top> analyzed. Unit <musicplayer_top> generated.

Analyzing Entity <register_8b> in library <work> (Architecture <behavioral>).
Entity <register_8b> analyzed. Unit <register_8b> generated.

Analyzing Entity <mux2to1_8b> in library <work> (Architecture <behavioral>).
Entity <mux2to1_8b> analyzed. Unit <mux2to1_8b> generated.

Analyzing Entity <adder_8b> in library <work> (Architecture <behavioural>).
Entity <adder_8b> analyzed. Unit <adder_8b> generated.

Analyzing Entity <eppctrl> in library <work> (Architecture <behavioral>).
Entity <eppctrl> analyzed. Unit <eppctrl> generated.

Analyzing Entity <memory> in library <work> (Architecture <behavioral>).
Entity <memory> analyzed. Unit <memory> generated.

Analyzing Entity <register_12b> in library <work> (Architecture <behavioral>).
Entity <register_12b> analyzed. Unit <register_12b> generated.

Analyzing Entity <sensorComponent> in library <work> (Architecture <behavioral>).
Entity <sensorComponent> analyzed. Unit <sensorComponent> generated.

Analyzing Entity <trySense> in library <work> (Architecture <behavioral>).
Entity <trySense> analyzed. Unit <trySense> generated.

Analyzing Entity <timerMod> in library <work> (Architecture <behavioral>).
Entity <timerMod> analyzed. Unit <timerMod> generated.

Analyzing Entity <swingmodule> in library <work> (Architecture <behavioral>).
WARNING:Xst:1610 - "C:/Users/luong/Documents/4thyr/SEM2/COMP3601/musicplayer_25Mhz_v1/swingCounter.vhd" line 61: Width mismatch. <tomult> has a width of 8 bits but assigned expression is 12-bit wide.
Entity <swingmodule> analyzed. Unit <swingmodule> generated.

Analyzing Entity <sevenseghex> in library <work> (Architecture <behavioral>).
Entity <sevenseghex> analyzed. Unit <sevenseghex> generated.

Analyzing Entity <SevenSegment> in library <work> (Architecture <my_sseg>).
Entity <SevenSegment> analyzed. Unit <SevenSegment> generated.

Analyzing Entity <sound_generator> in library <work> (Architecture <behavioral>).
Entity <sound_generator> analyzed. Unit <sound_generator> generated.

Analyzing Entity <clock_divider> in library <work> (Architecture <behavioral>).
Entity <clock_divider> analyzed. Unit <clock_divider> generated.

Analyzing Entity <note_timer> in library <work> (Architecture <behavioral>).
Entity <note_timer> analyzed. Unit <note_timer> generated.


=========================================================================
*                           HDL Synthesis                               *
=========================================================================

Performing bidirectional port resolution...
INFO:Xst:2679 - Register <enable> in unit <eppctrl> has a constant value of 1 during circuit operation. The register is replaced by logic.

Synthesizing Unit <register_8b>.
    Related source file is "C:/Users/luong/Documents/4thyr/SEM2/COMP3601/musicplayer_25Mhz_v1/register_8b.vhd".
    Found 8-bit register for signal <data_out>.
    Summary:
	inferred   8 D-type flip-flop(s).
Unit <register_8b> synthesized.


Synthesizing Unit <mux2to1_8b>.
    Related source file is "C:/Users/luong/Documents/4thyr/SEM2/COMP3601/musicplayer_25Mhz_v1/mux2to1_8b.vhd".
Unit <mux2to1_8b> synthesized.


Synthesizing Unit <adder_8b>.
    Related source file is "C:/Users/luong/Documents/4thyr/SEM2/COMP3601/musicplayer_25Mhz_v1/adder_8b.vhd".
    Found 9-bit adder for signal <sig_result>.
    Summary:
	inferred   1 Adder/Subtractor(s).
Unit <adder_8b> synthesized.


Synthesizing Unit <eppctrl>.
    Related source file is "C:/Users/luong/Documents/4thyr/SEM2/COMP3601/musicplayer_25Mhz_v1/eppctrl.vhd".
WARNING:Xst:1780 - Signal <stallcounter> is never used or assigned. This unconnected signal will be trimmed during the optimization process.
WARNING:Xst:1780 - Signal <regLed> is never used or assigned. This unconnected signal will be trimmed during the optimization process.
WARNING:Xst:1780 - Signal <regData7> is never used or assigned. This unconnected signal will be trimmed during the optimization process.
WARNING:Xst:1780 - Signal <regData6> is never used or assigned. This unconnected signal will be trimmed during the optimization process.
WARNING:Xst:1780 - Signal <regData5> is never used or assigned. This unconnected signal will be trimmed during the optimization process.
WARNING:Xst:1780 - Signal <regData4> is never used or assigned. This unconnected signal will be trimmed during the optimization process.
WARNING:Xst:1780 - Signal <regData3> is never used or assigned. This unconnected signal will be trimmed during the optimization process.
WARNING:Xst:1780 - Signal <finish> is never used or assigned. This unconnected signal will be trimmed during the optimization process.
WARNING:Xst:1780 - Signal <cntr> is never used or assigned. This unconnected signal will be trimmed during the optimization process.
    Found finite state machine <FSM_0> for signal <stEppCur>.
    -----------------------------------------------------------------------
    | States             | 9                                              |
    | Transitions        | 17                                             |
    | Inputs             | 3                                              |
    | Outputs            | 8                                              |
    | Clock              | clkMain                   (rising_edge)        |
    | Power Up State     | 00000000                                       |
    | Encoding           | automatic                                      |
    | Implementation     | LUT                                            |
    -----------------------------------------------------------------------
    Found 1-bit register for signal <pwait>.
    Found 8-bit tristate buffer for signal <pdb>.
    Found 12-bit register for signal <dataToBram>.
    Found 1-bit register for signal <done>.
    Found 8-bit register for signal <addressToBram>.
    Found 12-bit register for signal <buffer_data>.
    Found 8-bit register for signal <busEppData>.
    Found 8-bit register for signal <busEppIn>.
    Found 8-bit register for signal <busEppOut>.
    Found 8-bit register for signal <counter>.
    Found 8-bit adder for signal <counter$addsub0000> created at line 400.
    Found 1-bit register for signal <ctlEppAstb>.
    Found 1-bit register for signal <ctlEppAwr>.
    Found 1-bit register for signal <ctlEppDir>.
    Found 1-bit register for signal <ctlEppDstb>.
    Found 1-bit register for signal <ctlEppDwr>.
    Found 1-bit register for signal <ctlEppWait>.
    Found 1-bit register for signal <ctlEppWr>.
    Found 8-bit register for signal <Mtridata_pdb> created at line 181.
    Found 1-bit register for signal <Mtrien_pdb> created at line 181.
    Found 8-bit register for signal <regData0>.
    Found 8-bit register for signal <regData1>.
    Found 8-bit register for signal <regData2>.
    Found 4-bit register for signal <regEppAdr>.
    Found 1-bit register for signal <sig_enable>.
    Summary:
	inferred   1 Finite State Machine(s).
	inferred 111 D-type flip-flop(s).
	inferred   1 Adder/Subtractor(s).
	inferred   8 Tristate(s).
Unit <eppctrl> synthesized.


Synthesizing Unit <memory>.
    Related source file is "C:/Users/luong/Documents/4thyr/SEM2/COMP3601/musicplayer_25Mhz_v1/memory.vhd".
WARNING:Xst:647 - Input <reset> is never used. This port will be preserved and left unconnected if it belongs to a top-level block or it belongs to a sub-block and the hierarchy of this sub-block is preserved.
WARNING:Xst:1305 - Output <mem_zero> is never assigned. Tied to value 000000000000.
WARNING:Xst:1780 - Signal <sig_addr> is never used or assigned. This unconnected signal will be trimmed during the optimization process.
    Found 256x16-bit single-port RAM <Mram_sig_data_mem> for signal <sig_data_mem>.
    Found 12-bit register for signal <data_out>.
    Summary:
	inferred   1 RAM(s).
	inferred  12 D-type flip-flop(s).
Unit <memory> synthesized.


Synthesizing Unit <register_12b>.
    Related source file is "C:/Users/luong/Documents/4thyr/SEM2/COMP3601/musicplayer_25Mhz_v1/register_12b.vhd".
    Found 12-bit register for signal <data_out>.
    Found 1-bit register for signal <done>.
    Summary:
	inferred  13 D-type flip-flop(s).
Unit <register_12b> synthesized.


Synthesizing Unit <trySense>.
    Related source file is "C:/Users/luong/Documents/4thyr/SEM2/COMP3601/musicplayer_25Mhz_v1/trySense.vhd".
    Found 1-bit register for signal <trig>.
    Found 1-bit register for signal <myOut>.
    Found 32-bit register for signal <c1>.
    Found 32-bit adder for signal <c1$add0000> created at line 62.
    Found 32-bit up counter for signal <c2>.
    Found 32-bit register for signal <echo_time>.
    Found 32-bit comparator less for signal <myOut$cmp_lt0000> created at line 72.
    Found 1-bit register for signal <y>.
    Summary:
	inferred   1 Counter(s).
	inferred  67 D-type flip-flop(s).
	inferred   1 Adder/Subtractor(s).
	inferred   1 Comparator(s).
Unit <trySense> synthesized.


Synthesizing Unit <timerMod>.
    Related source file is "C:/Users/luong/Documents/4thyr/SEM2/COMP3601/musicplayer_25Mhz_v1/timer.vhd".
    Found 32-bit comparator greater for signal <done$cmp_gt0000> created at line 62.
    Found 32-bit comparator less for signal <done$cmp_lt0000> created at line 62.
    Found 32-bit up counter for signal <timerCounter>.
    Found 32-bit comparator less for signal <timerCounter$cmp_lt0000> created at line 54.
    Summary:
	inferred   1 Counter(s).
	inferred   3 Comparator(s).
Unit <timerMod> synthesized.


Synthesizing Unit <swingmodule>.
    Related source file is "C:/Users/luong/Documents/4thyr/SEM2/COMP3601/musicplayer_25Mhz_v1/swingCounter.vhd".
WARNING:Xst:737 - Found 8-bit latch for signal <swingout>. Latches may be generated from incomplete case or if statements. We do not recommend the use of latches in FPGA/CPLD designs, as they may lead to timing problems.
WARNING:Xst:737 - Found 8-bit latch for signal <totalSwing>. Latches may be generated from incomplete case or if statements. We do not recommend the use of latches in FPGA/CPLD designs, as they may lead to timing problems.
WARNING:Xst:737 - Found 8-bit latch for signal <tomult>. Latches may be generated from incomplete case or if statements. We do not recommend the use of latches in FPGA/CPLD designs, as they may lead to timing problems.
WARNING:Xst:643 - "C:/Users/luong/Documents/4thyr/SEM2/COMP3601/musicplayer_25Mhz_v1/swingCounter.vhd" line 61: The result of a 8x4-bit multiplication is partially used. Only the 8 least significant bits are used. If you are doing this on purpose, you may safely ignore this warning. Otherwise, make sure you are not losing information, leading to unexpected circuit behavior.
    Found 8-bit up counter for signal <swingCount>.
    Found 8x4-bit multiplier for signal <tomult$mult0001> created at line 61.
    Found 8-bit comparator greater for signal <totalSwing$cmp_gt0000> created at line 64.
    Found 8-bit comparator less for signal <totalSwing$cmp_lt0000> created at line 63.
    Summary:
	inferred   1 Counter(s).
	inferred   1 Multiplier(s).
	inferred   2 Comparator(s).
Unit <swingmodule> synthesized.


Synthesizing Unit <SevenSegment>.
    Related source file is "C:/Users/luong/Documents/4thyr/SEM2/COMP3601/musicplayer_25Mhz_v1/SevenSegment.vhd".
    Found 16x8-bit ROM for signal <SEGMENTS>.
    Summary:
	inferred   1 ROM(s).
Unit <SevenSegment> synthesized.


Synthesizing Unit <clock_divider>.
    Related source file is "C:/Users/luong/Documents/4thyr/SEM2/COMP3601/musicplayer_25Mhz_v1/clock_divider.vhd".
WARNING:Xst:646 - Signal <sig_segment_vector<1:0>> is assigned but never used. This unconnected signal will be trimmed during the optimization process.
WARNING:Xst:646 - Signal <sig_max_vector<0>> is assigned but never used. This unconnected signal will be trimmed during the optimization process.
WARNING:Xst:646 - Signal <sig_37_5segment> is assigned but never used. This unconnected signal will be trimmed during the optimization process.
WARNING:Xst:646 - Signal <sig_100segment> is assigned but never used. This unconnected signal will be trimmed during the optimization process.
    Found 64x17-bit ROM for signal <sig_max>.
    Found 19-bit up counter for signal <count>.
    Found 19-bit comparator greater for signal <count$cmp_gt0000> created at line 134.
    Found 19-bit up counter for signal <segment_counter>.
    Found 1-bit register for signal <segment_counter_reset>.
    Found 19-bit comparator equal for signal <segment_counter_reset$cmp_eq0001> created at line 172.
    Found 19-bit comparator equal for signal <segment_counter_reset$cmp_eq0002> created at line 182.
    Found 19-bit comparator equal for signal <segment_counter_reset$cmp_eq0003> created at line 192.
    Found 19-bit comparator equal for signal <segment_counter_reset$cmp_eq0004> created at line 198.
    Found 19-bit comparator equal for signal <segment_counter_reset$cmp_eq0005> created at line 207.
    Found 19-bit comparator equal for signal <segment_counter_reset$cmp_eq0006> created at line 217.
    Found 19-bit comparator equal for signal <segment_counter_reset$cmp_eq0007> created at line 227.
    Found 19-bit comparator equal for signal <segment_counter_reset$cmp_eq0008> created at line 237.
    Found 19-bit comparator equal for signal <segment_counter_reset$cmp_eq0009> created at line 248.
    Found 19-bit comparator equal for signal <segment_counter_reset$cmp_eq0010> created at line 258.
    Found 19-bit comparator equal for signal <segment_counter_reset$cmp_eq0011> created at line 268.
    Found 19-bit comparator equal for signal <segment_counter_reset$cmp_eq0012> created at line 274.
    Found 19-bit comparator equal for signal <segment_counter_reset$cmp_eq0013> created at line 283.
    Found 19-bit comparator equal for signal <segment_counter_reset$cmp_eq0014> created at line 293.
    Found 19-bit comparator equal for signal <segment_counter_reset$cmp_eq0015> created at line 303.
    Found 19-bit comparator greatequal for signal <segment_counter_reset$cmp_ge0000> created at line 306.
    Found 19-bit comparator greatequal for signal <segment_counter_reset$cmp_ge0001> created at line 296.
    Found 19-bit comparator greatequal for signal <segment_counter_reset$cmp_ge0002> created at line 286.
    Found 19-bit comparator greatequal for signal <segment_counter_reset$cmp_ge0003> created at line 276.
    Found 19-bit comparator greatequal for signal <segment_counter_reset$cmp_ge0004> created at line 261.
    Found 19-bit comparator greatequal for signal <segment_counter_reset$cmp_ge0005> created at line 251.
    Found 19-bit comparator greatequal for signal <segment_counter_reset$cmp_ge0006> created at line 240.
    Found 19-bit comparator greatequal for signal <segment_counter_reset$cmp_ge0007> created at line 230.
    Found 19-bit comparator greatequal for signal <segment_counter_reset$cmp_ge0008> created at line 220.
    Found 19-bit comparator greatequal for signal <segment_counter_reset$cmp_ge0009> created at line 210.
    Found 19-bit comparator greatequal for signal <segment_counter_reset$cmp_ge0010> created at line 200.
    Found 19-bit comparator greatequal for signal <segment_counter_reset$cmp_ge0011> created at line 185.
    Found 19-bit comparator greatequal for signal <segment_counter_reset$cmp_ge0012> created at line 175.
    Found 19-bit comparator greatequal for signal <segment_counter_reset$cmp_ge0013> created at line 166.
    Found 19-bit comparator less for signal <segment_counter_reset$cmp_lt0000> created at line 195.
    Found 19-bit comparator less for signal <segment_counter_reset$cmp_lt0001> created at line 271.
    Found 19-bit comparator less for signal <segment_counter_reset$cmp_lt0002> created at line 166.
    Found 19-bit comparator less for signal <segment_counter_reset$cmp_lt0003> created at line 175.
    Found 19-bit comparator less for signal <segment_counter_reset$cmp_lt0004> created at line 185.
    Found 19-bit comparator less for signal <segment_counter_reset$cmp_lt0005> created at line 200.
    Found 19-bit comparator less for signal <segment_counter_reset$cmp_lt0006> created at line 210.
    Found 19-bit comparator less for signal <segment_counter_reset$cmp_lt0007> created at line 220.
    Found 19-bit comparator less for signal <segment_counter_reset$cmp_lt0008> created at line 230.
    Found 19-bit comparator less for signal <segment_counter_reset$cmp_lt0009> created at line 240.
    Found 19-bit comparator less for signal <segment_counter_reset$cmp_lt0010> created at line 251.
    Found 19-bit comparator less for signal <segment_counter_reset$cmp_lt0011> created at line 261.
    Found 19-bit comparator less for signal <segment_counter_reset$cmp_lt0012> created at line 276.
    Found 19-bit comparator less for signal <segment_counter_reset$cmp_lt0013> created at line 286.
    Found 19-bit comparator less for signal <segment_counter_reset$cmp_lt0014> created at line 296.
    Found 19-bit comparator less for signal <segment_counter_reset$cmp_lt0015> created at line 306.
    Found 19-bit comparator not equal for signal <segment_counter_reset$cmp_ne0000> created at line 313.
    Found 19-bit comparator not equal for signal <segment_counter_reset$cmp_ne0001> created at line 303.
    Found 19-bit comparator not equal for signal <segment_counter_reset$cmp_ne0002> created at line 293.
    Found 19-bit comparator not equal for signal <segment_counter_reset$cmp_ne0003> created at line 283.
    Found 19-bit comparator not equal for signal <segment_counter_reset$cmp_ne0004> created at line 274.
    Found 19-bit comparator not equal for signal <segment_counter_reset$cmp_ne0005> created at line 268.
    Found 19-bit comparator not equal for signal <segment_counter_reset$cmp_ne0006> created at line 258.
    Found 19-bit comparator not equal for signal <segment_counter_reset$cmp_ne0007> created at line 248.
    Found 19-bit comparator not equal for signal <segment_counter_reset$cmp_ne0008> created at line 237.
    Found 19-bit comparator not equal for signal <segment_counter_reset$cmp_ne0009> created at line 227.
    Found 19-bit comparator not equal for signal <segment_counter_reset$cmp_ne0010> created at line 217.
    Found 19-bit comparator not equal for signal <segment_counter_reset$cmp_ne0011> created at line 207.
    Found 19-bit comparator not equal for signal <segment_counter_reset$cmp_ne0012> created at line 198.
    Found 19-bit comparator not equal for signal <segment_counter_reset$cmp_ne0013> created at line 192.
    Found 19-bit comparator not equal for signal <segment_counter_reset$cmp_ne0014> created at line 182.
    Found 19-bit comparator not equal for signal <segment_counter_reset$cmp_ne0015> created at line 172.
    Found 19-bit adder for signal <sig_11_16>.
    Found 19-bit adder for signal <sig_13_16>.
    Found 16-bit adder carry out for signal <sig_14_0625segment$addsub0000> created at line 126.
    Found 19-bit adder for signal <sig_15_16>.
    Found 18-bit adder for signal <sig_29_6875segment>.
    Found 17-bit adder carry out for signal <sig_29_6875segment$addsub0001> created at line 124.
    Found 19-bit adder for signal <sig_3_16>.
    Found 19-bit adder for signal <sig_3_4>.
    Found 18-bit adder carry out for signal <sig_3_8$addsub0000> created at line 94.
    Found 19-bit adder for signal <sig_5_8>.
    Found 18-bit adder carry out for signal <sig_62_5segment$addsub0000> created at line 116.
    Found 19-bit adder for signal <sig_68_75segment>.
    Found 18-bit adder carry out for signal <sig_75segment$addsub0000> created at line 117.
    Found 19-bit adder for signal <sig_7_16>.
    Found 19-bit adder for signal <sig_7_8>.
    Found 19-bit adder for signal <sig_85_9375segment>.
    Found 19-bit adder for signal <sig_85_9375segment$addsub0000> created at line 125.
    Found 19-bit adder for signal <sig_85_9375segment$addsub0001> created at line 125.
    Found 19-bit adder for signal <sig_87_5segment>.
    Found 19-bit adder for signal <sig_96_875segment>.
    Found 19-bit adder for signal <sig_96_875segment$addsub0000> created at line 123.
    Found 19-bit adder for signal <sig_9_16>.
    Found 1-bit register for signal <temp>.
    Found 19-bit comparator equal for signal <temp$cmp_eq0000> created at line 182.
    Found 19-bit comparator equal for signal <temp$cmp_eq0001> created at line 198.
    Found 19-bit comparator greatequal for signal <temp$cmp_ge0000> created at line 271.
    Found 19-bit comparator greatequal for signal <temp$cmp_ge0001> created at line 195.
    Found 19-bit comparator less for signal <temp$cmp_lt0000> created at line 224.
    Found 19-bit comparator less for signal <temp$cmp_lt0001> created at line 214.
    Found 19-bit comparator less for signal <temp$cmp_lt0002> created at line 204.
    Found 19-bit comparator less for signal <temp$cmp_lt0003> created at line 310.
    Found 19-bit comparator less for signal <temp$cmp_lt0004> created at line 300.
    Found 19-bit comparator less for signal <temp$cmp_lt0005> created at line 290.
    Found 19-bit comparator less for signal <temp$cmp_lt0006> created at line 280.
    Summary:
	inferred   1 ROM(s).
	inferred   2 Counter(s).
	inferred   2 D-type flip-flop(s).
	inferred  22 Adder/Subtractor(s).
	inferred  73 Comparator(s).
Unit <clock_divider> synthesized.


Synthesizing Unit <note_timer>.
    Related source file is "C:/Users/luong/Documents/4thyr/SEM2/COMP3601/musicplayer_25Mhz_v1/note_timer.vhd".
    Found 256x26-bit ROM for signal <sig_base>.
    Found 1-bit register for signal <timeout>.
    Found 28-bit register for signal <counter>.
    Found 28-bit adder for signal <counter$addsub0000> created at line 90.
    Found 28-bit comparator less for signal <counter$cmp_lt0000> created at line 88.
    Found 26-bit adder carry out for signal <sig_1_1_2$addsub0000> created at line 62.
    Found 24-bit adder carry out for signal <sig_1_3$addsub0000> created at line 58.
    Found 26-bit adder carry out for signal <sig_3$addsub0000> created at line 64.
    Found 25-bit adder carry out for signal <sig_3_4$addsub0000> created at line 60.
    Summary:
	inferred   1 ROM(s).
	inferred  29 D-type flip-flop(s).
	inferred   5 Adder/Subtractor(s).
	inferred   1 Comparator(s).
Unit <note_timer> synthesized.


Synthesizing Unit <sensorComponent>.
    Related source file is "C:/Users/luong/Documents/4thyr/SEM2/COMP3601/musicplayer_25Mhz_v1/sensorComponent.vhd".
Unit <sensorComponent> synthesized.


Synthesizing Unit <sevenseghex>.
    Related source file is "C:/Users/luong/Documents/4thyr/SEM2/COMP3601/musicplayer_25Mhz_v1/sevenseghex.vhd".
WARNING:Xst:1780 - Signal <segmentin> is never used or assigned. This unconnected signal will be trimmed during the optimization process.
    Found finite state machine <FSM_1> for signal <counter>.
    -----------------------------------------------------------------------
    | States             | 4                                              |
    | Transitions        | 4                                              |
    | Inputs             | 0                                              |
    | Outputs            | 7                                              |
    | Clock              | CLKK                      (rising_edge)        |
    | Clock enable       | SLWCLK                    (positive)           |
    | Power Up State     | 000                                            |
    | Encoding           | automatic                                      |
    | Implementation     | LUT                                            |
    -----------------------------------------------------------------------
    Found 4-bit register for signal <BCD>.
    Found 4-bit register for signal <display>.
    Found 1-bit register for signal <SLWCLK>.
    Found 19-bit up counter for signal <slwclkcounter>.
    Summary:
	inferred   1 Finite State Machine(s).
	inferred   1 Counter(s).
	inferred   9 D-type flip-flop(s).
Unit <sevenseghex> synthesized.


Synthesizing Unit <sound_generator>.
    Related source file is "C:/Users/luong/Documents/4thyr/SEM2/COMP3601/musicplayer_25Mhz_v1/sound_generator.vhd".
WARNING:Xst:646 - Signal <sig_timing> is assigned but never used. This unconnected signal will be trimmed during the optimization process.
WARNING:Xst:646 - Signal <sig_temp_extra> is assigned but never used. This unconnected signal will be trimmed during the optimization process.
WARNING:Xst:646 - Signal <sig_note_extra> is assigned but never used. This unconnected signal will be trimmed during the optimization process.
Unit <sound_generator> synthesized.


Synthesizing Unit <musicplayer_top>.
    Related source file is "C:/Users/luong/Documents/4thyr/SEM2/COMP3601/musicplayer_25Mhz_v1/musicplayer_top.vhd".
WARNING:Xst:647 - Input <tempo_sw_down> is never used. This port will be preserved and left unconnected if it belongs to a top-level block or it belongs to a sub-block and the hierarchy of this sub-block is preserved.
WARNING:Xst:647 - Input <tempo_mode2> is never used. This port will be preserved and left unconnected if it belongs to a top-level block or it belongs to a sub-block and the hierarchy of this sub-block is preserved.
WARNING:Xst:647 - Input <tempo_sw_en> is never used. This port will be preserved and left unconnected if it belongs to a top-level block or it belongs to a sub-block and the hierarchy of this sub-block is preserved.
WARNING:Xst:647 - Input <tempo_up> is never used. This port will be preserved and left unconnected if it belongs to a top-level block or it belongs to a sub-block and the hierarchy of this sub-block is preserved.
WARNING:Xst:647 - Input <tempo_down> is never used. This port will be preserved and left unconnected if it belongs to a top-level block or it belongs to a sub-block and the hierarchy of this sub-block is preserved.
WARNING:Xst:647 - Input <swhardcode> is never used. This port will be preserved and left unconnected if it belongs to a top-level block or it belongs to a sub-block and the hierarchy of this sub-block is preserved.
WARNING:Xst:647 - Input <tempo_sw_up> is never used. This port will be preserved and left unconnected if it belongs to a top-level block or it belongs to a sub-block and the hierarchy of this sub-block is preserved.
WARNING:Xst:646 - Signal <sig_tempo_reg_done> is assigned but never used. This unconnected signal will be trimmed during the optimization process.
WARNING:Xst:1780 - Signal <sig_tempo_reg2_out> is never used or assigned. This unconnected signal will be trimmed during the optimization process.
WARNING:Xst:653 - Signal <sig_tempo_mux_out<11:10>> is used but never assigned. This sourceless signal will be automatically connected to value 00.
WARNING:Xst:653 - Signal <sig_tempo_mux_out<1:0>> is used but never assigned. This sourceless signal will be automatically connected to value 00.
WARNING:Xst:1780 - Signal <sig_tempo_mux_b> is never used or assigned. This unconnected signal will be trimmed during the optimization process.
WARNING:Xst:646 - Signal <sig_tempo_data<1:0>> is assigned but never used. This unconnected signal will be trimmed during the optimization process.
WARNING:Xst:1780 - Signal <sig_sw_tempo> is never used or assigned. This unconnected signal will be trimmed during the optimization process.
WARNING:Xst:1780 - Signal <sig_music_counter_en> is never used or assigned. This unconnected signal will be trimmed during the optimization process.
WARNING:Xst:1780 - Signal <sig_mem_out2> is never used or assigned. This unconnected signal will be trimmed during the optimization process.
WARNING:Xst:1780 - Signal <sig_mem_out1> is never used or assigned. This unconnected signal will be trimmed during the optimization process.
WARNING:Xst:1780 - Signal <sig_epp_data> is never used or assigned. This unconnected signal will be trimmed during the optimization process.
WARNING:Xst:646 - Signal <sig_buffer_reg_done> is assigned but never used. This unconnected signal will be trimmed during the optimization process.
WARNING:Xst:646 - Signal <sig_add_carry> is assigned but never used. This unconnected signal will be trimmed during the optimization process.
    Register <sig_sound_en> equivalent to <sig_load_done> has been removed
    Found finite state machine <FSM_2> for signal <y>.
    -----------------------------------------------------------------------
    | States             | 4                                              |
    | Transitions        | 10                                             |
    | Inputs             | 4                                              |
    | Outputs            | 4                                              |
    | Clock              | clk                       (rising_edge)        |
    | Reset              | reset                     (positive)           |
    | Reset type         | asynchronous                                   |
    | Reset State        | load                                           |
    | Power Up State     | load                                           |
    | Encoding           | automatic                                      |
    | Implementation     | LUT                                            |
    -----------------------------------------------------------------------
WARNING:Xst:737 - Found 1-bit latch for signal <sig_load_timer>. Latches may be generated from incomplete case or if statements. We do not recommend the use of latches in FPGA/CPLD designs, as they may lead to timing problems.
WARNING:Xst:737 - Found 1-bit latch for signal <speaker>. Latches may be generated from incomplete case or if statements. We do not recommend the use of latches in FPGA/CPLD designs, as they may lead to timing problems.
INFO:Xst:2371 - HDL ADVISOR - Logic functions respectively driving the data and gate enable inputs of this latch share common terms. This situation will potentially lead to setup/hold violations and, as a result, to simulation problems. This situation may come from an incomplete case statement (all selector values are not covered). You should carefully review if it was in your intentions to describe such a latch.
    Found 8-bit register for signal <buffer_epp_addr>.
    Found 12-bit register for signal <buffer_epp_data>.
    Found 1-bit register for signal <buffer_epp_wr_en>.
    Found 27-bit up counter for signal <rest_counter>.
    Found 26-bit 4-to-1 multiplexer for signal <rest_max>.
    Found 8-bit register for signal <sig_epp_addr>.
    Found 1-bit register for signal <sig_epp_write_en>.
    Found 1-bit register for signal <sig_load_done>.
    Found 27-bit comparator less for signal <sig_load_done$cmp_lt0000> created at line 519.
    Found 12-bit register for signal <sig_write_data>.
    Summary:
	inferred   1 Finite State Machine(s).
	inferred   1 Counter(s).
	inferred  43 D-type flip-flop(s).
	inferred   1 Comparator(s).
	inferred  26 Multiplexer(s).
Unit <musicplayer_top> synthesized.


=========================================================================
HDL Synthesis Report

Macro Statistics
# RAMs                                                 : 1
 256x16-bit single-port RAM                            : 1
# ROMs                                                 : 3
 16x8-bit ROM                                          : 1
 256x26-bit ROM                                        : 1
 64x17-bit ROM                                         : 1
# Multipliers                                          : 1
 8x4-bit multiplier                                    : 1
# Adders/Subtractors                                   : 30
 16-bit adder carry out                                : 1
 17-bit adder carry out                                : 1
 18-bit adder                                          : 1
 18-bit adder carry out                                : 3
 19-bit adder                                          : 16
 24-bit adder carry out                                : 1
 25-bit adder carry out                                : 1
 26-bit adder carry out                                : 2
 28-bit adder                                          : 1
 32-bit adder                                          : 1
 8-bit adder                                           : 1
 9-bit adder                                           : 1
# Counters                                             : 7
 19-bit up counter                                     : 3
 27-bit up counter                                     : 1
 32-bit up counter                                     : 2
 8-bit up counter                                      : 1
# Registers                                            : 48
 1-bit register                                        : 23
 12-bit register                                       : 7
 28-bit register                                       : 1
 32-bit register                                       : 2
 4-bit register                                        : 3
 8-bit register                                        : 12
# Latches                                              : 5
 1-bit latch                                           : 2
 8-bit latch                                           : 3
# Comparators                                          : 81
 19-bit comparator equal                               : 17
 19-bit comparator greatequal                          : 16
 19-bit comparator greater                             : 1
 19-bit comparator less                                : 23
 19-bit comparator not equal                           : 16
 27-bit comparator less                                : 1
 28-bit comparator less                                : 1
 32-bit comparator greater                             : 1
 32-bit comparator less                                : 3
 8-bit comparator greater                              : 1
 8-bit comparator less                                 : 1
# Multiplexers                                         : 1
 26-bit 4-to-1 multiplexer                             : 1
# Tristates                                            : 1
 8-bit tristate buffer                                 : 1

=========================================================================

=========================================================================
*                       Advanced HDL Synthesis                          *
=========================================================================

Analyzing FSM <FSM_2> for best encoding.
Optimizing FSM <y/FSM> on signal <y[1:2]> with gray encoding.
-----------------------
 State     | Encoding
-----------------------
 load      | 00
 idle      | 01
 read_note | 11
 play_note | 10
-----------------------
Analyzing FSM <FSM_1> for best encoding.
Optimizing FSM <dsplay/counter/FSM> on signal <counter[1:4]> with one-hot encoding.
-------------------
 State | Encoding
-------------------
 000   | 0001
 001   | 0010
 010   | 0100
 011   | 1000
-------------------
Analyzing FSM <FSM_0> for best encoding.
Optimizing FSM <epp/stEppCur/FSM> on signal <stEppCur[1:4]> with gray encoding.
----------------------
 State    | Encoding
----------------------
 00000000 | 0000
 00010100 | 0001
 00110010 | 0011
 01011000 | 0010
 01110010 | 0110
 00100001 | 0111
 01000011 | 0101
 01100001 | 0100
 10000011 | 1100
----------------------
INFO:Xst:2261 - The FF/Latch <regData1_0> in Unit <epp> is equivalent to the following FF/Latch, which will be removed : <buffer_data_8> 
INFO:Xst:2261 - The FF/Latch <regData1_1> in Unit <epp> is equivalent to the following FF/Latch, which will be removed : <buffer_data_9> 
INFO:Xst:2261 - The FF/Latch <regData1_2> in Unit <epp> is equivalent to the following FF/Latch, which will be removed : <buffer_data_10> 
INFO:Xst:2261 - The FF/Latch <regData1_3> in Unit <epp> is equivalent to the following FF/Latch, which will be removed : <buffer_data_11> 
WARNING:Xst:1710 - FF/Latch <display_3> (without init value) has a constant value of 1 in block <dsplay>. This FF/Latch will be trimmed during the optimization process.
WARNING:Xst:1895 - Due to other FF/Latch trimming, FF/Latch <buffer_epp_wr_en> (without init value) has a constant value of 1 in block <musicplayer_top>. This FF/Latch will be trimmed during the optimization process.
WARNING:Xst:1895 - Due to other FF/Latch trimming, FF/Latch <sig_epp_write_en> (without init value) has a constant value of 1 in block <musicplayer_top>. This FF/Latch will be trimmed during the optimization process.
WARNING:Xst:2677 - Node <data_out_varindex0000_12> of sequential type is unconnected in block <mem>.
WARNING:Xst:2677 - Node <data_out_varindex0000_13> of sequential type is unconnected in block <mem>.
WARNING:Xst:2677 - Node <data_out_varindex0000_14> of sequential type is unconnected in block <mem>.
WARNING:Xst:2677 - Node <data_out_varindex0000_15> of sequential type is unconnected in block <mem>.
WARNING:Xst:2677 - Node <data_out_0> of sequential type is unconnected in block <buffer_reg>.
WARNING:Xst:2677 - Node <data_out_1> of sequential type is unconnected in block <buffer_reg>.
WARNING:Xst:2677 - Node <data_out_0> of sequential type is unconnected in block <tempo_reg>.
WARNING:Xst:2677 - Node <data_out_1> of sequential type is unconnected in block <tempo_reg>.

Synthesizing (advanced) Unit <memory>.
INFO:Xst:3226 - The RAM <Mram_sig_data_mem> will be implemented as a BLOCK RAM, absorbing the following register(s): <data_out_varindex0000>
    -----------------------------------------------------------------------
    | ram_type           | Block                               |          |
    -----------------------------------------------------------------------
    | Port A                                                              |
    |     aspect ratio   | 256-word x 16-bit                   |          |
    |     mode           | read-first                          |          |
    |     clkA           | connected to signal <clk>           | rise     |
    |     weA            | connected to signal <write_enable>  | high     |
    |     addrA          | connected to signal <addr_in>       |          |
    |     diA            | connected to signal <write_data>    |          |
    |     doA            | connected to internal node          |          |
    -----------------------------------------------------------------------
    | optimization       | speed                               |          |
    -----------------------------------------------------------------------
Unit <memory> synthesized (advanced).

=========================================================================
Advanced HDL Synthesis Report

Macro Statistics
# FSMs                                                 : 3
# RAMs                                                 : 1
 256x16-bit single-port block RAM                      : 1
# ROMs                                                 : 3
 16x8-bit ROM                                          : 1
 256x26-bit ROM                                        : 1
 64x17-bit ROM                                         : 1
# Multipliers                                          : 1
 8x4-bit multiplier                                    : 1
# Adders/Subtractors                                   : 30
 16-bit adder carry out                                : 1
 17-bit adder carry out                                : 1
 18-bit adder                                          : 1
 18-bit adder carry out                                : 3
 19-bit adder                                          : 16
 24-bit adder carry out                                : 1
 25-bit adder carry out                                : 1
 26-bit adder carry out                                : 2
 28-bit adder                                          : 1
 32-bit adder                                          : 1
 8-bit adder                                           : 1
 9-bit adder                                           : 1
# Counters                                             : 7
 19-bit up counter                                     : 3
 27-bit up counter                                     : 1
 32-bit up counter                                     : 2
 8-bit up counter                                      : 1
# Registers                                            : 295
 Flip-Flops                                            : 295
# Latches                                              : 5
 1-bit latch                                           : 2
 8-bit latch                                           : 3
# Comparators                                          : 81
 19-bit comparator equal                               : 17
 19-bit comparator greatequal                          : 16
 19-bit comparator greater                             : 1
 19-bit comparator less                                : 23
 19-bit comparator not equal                           : 16
 27-bit comparator less                                : 1
 28-bit comparator less                                : 1
 32-bit comparator greater                             : 1
 32-bit comparator less                                : 3
 8-bit comparator greater                              : 1
 8-bit comparator less                                 : 1
# Multiplexers                                         : 1
 26-bit 4-to-1 multiplexer                             : 1

=========================================================================

=========================================================================
*                         Low Level Synthesis                           *
=========================================================================
INFO:Xst:2261 - The FF/Latch <regData1_0> in Unit <eppctrl> is equivalent to the following FF/Latch, which will be removed : <buffer_data_8> 
INFO:Xst:2261 - The FF/Latch <regData1_1> in Unit <eppctrl> is equivalent to the following FF/Latch, which will be removed : <buffer_data_9> 
INFO:Xst:2261 - The FF/Latch <regData1_2> in Unit <eppctrl> is equivalent to the following FF/Latch, which will be removed : <buffer_data_10> 
INFO:Xst:2261 - The FF/Latch <regData1_3> in Unit <eppctrl> is equivalent to the following FF/Latch, which will be removed : <buffer_data_11> 
WARNING:Xst:1710 - FF/Latch <display_3> (without init value) has a constant value of 1 in block <sevenseghex>. This FF/Latch will be trimmed during the optimization process.
WARNING:Xst:2677 - Node <echo_time_0> of sequential type is unconnected in block <trySense>.
WARNING:Xst:2677 - Node <echo_time_1> of sequential type is unconnected in block <trySense>.
WARNING:Xst:2677 - Node <echo_time_2> of sequential type is unconnected in block <trySense>.
WARNING:Xst:2677 - Node <echo_time_3> of sequential type is unconnected in block <trySense>.
WARNING:Xst:2677 - Node <echo_time_4> of sequential type is unconnected in block <trySense>.
WARNING:Xst:1710 - FF/Latch <buffer_epp_wr_en> (without init value) has a constant value of 1 in block <musicplayer_top>. This FF/Latch will be trimmed during the optimization process.
WARNING:Xst:1895 - Due to other FF/Latch trimming, FF/Latch <sig_epp_write_en> (without init value) has a constant value of 1 in block <musicplayer_top>. This FF/Latch will be trimmed during the optimization process.

Optimizing unit <musicplayer_top> ...

Optimizing unit <register_8b> ...

Optimizing unit <register_12b> ...

Optimizing unit <trySense> ...

Optimizing unit <clock_divider> ...

Optimizing unit <note_timer> ...

Optimizing unit <swingmodule> ...

Optimizing unit <sevenseghex> ...
WARNING:Xst:2677 - Node <tempo_reg/done> of sequential type is unconnected in block <musicplayer_top>.
WARNING:Xst:2677 - Node <tempo_reg/data_out_1> of sequential type is unconnected in block <musicplayer_top>.
WARNING:Xst:2677 - Node <tempo_reg/data_out_0> of sequential type is unconnected in block <musicplayer_top>.
WARNING:Xst:2677 - Node <buffer_reg/done> of sequential type is unconnected in block <musicplayer_top>.
WARNING:Xst:2677 - Node <buffer_reg/data_out_1> of sequential type is unconnected in block <musicplayer_top>.
WARNING:Xst:2677 - Node <buffer_reg/data_out_0> of sequential type is unconnected in block <musicplayer_top>.

Mapping all equations...
Building and optimizing final netlist ...
Found area constraint ratio of 100 (+ 5) on block musicplayer_top, actual ratio is 34.

Final Macro Processing ...

Processing Unit <musicplayer_top> :
	Found 2-bit shift register for signal <sig_epp_addr_0>.
	Found 2-bit shift register for signal <sig_epp_addr_1>.
	Found 2-bit shift register for signal <sig_epp_addr_2>.
	Found 2-bit shift register for signal <sig_epp_addr_3>.
	Found 2-bit shift register for signal <sig_epp_addr_4>.
	Found 2-bit shift register for signal <sig_epp_addr_5>.
	Found 2-bit shift register for signal <sig_epp_addr_6>.
	Found 2-bit shift register for signal <sig_epp_addr_7>.
	Found 2-bit shift register for signal <sig_write_data<0>>.
	Found 2-bit shift register for signal <sig_write_data<1>>.
	Found 2-bit shift register for signal <sig_write_data<2>>.
	Found 2-bit shift register for signal <sig_write_data<3>>.
	Found 2-bit shift register for signal <sig_write_data<4>>.
	Found 2-bit shift register for signal <sig_write_data<5>>.
	Found 2-bit shift register for signal <sig_write_data<6>>.
	Found 2-bit shift register for signal <sig_write_data<7>>.
	Found 2-bit shift register for signal <sig_write_data<8>>.
	Found 2-bit shift register for signal <sig_write_data<9>>.
	Found 2-bit shift register for signal <sig_write_data<10>>.
	Found 2-bit shift register for signal <sig_write_data<11>>.
	Found 2-bit shift register for signal <dsplay/counter_FSM_FFd4>.
Unit <musicplayer_top> processed.

=========================================================================
Final Register Report

Macro Statistics
# Registers                                            : 401
 Flip-Flops                                            : 401
# Shift Registers                                      : 21
 2-bit shift register                                  : 21

=========================================================================

=========================================================================
*                           Partition Report                            *
=========================================================================

Partition Implementation Status
-------------------------------

  No Partitions were found in this design.

-------------------------------

=========================================================================
*                            Final Report                               *
=========================================================================
Final Results
RTL Top Level Output File Name     : musicplayer_top.ngr
Top Level Output File Name         : musicplayer_top
Output Format                      : NGC
Optimization Goal                  : Speed
Keep Hierarchy                     : No

Design Statistics
# IOs                              : 47

Cell Usage :
# BELS                             : 4244
#      GND                         : 2
#      INV                         : 48
#      LUT1                        : 197
#      LUT2                        : 745
#      LUT2_L                      : 2
#      LUT3                        : 352
#      LUT3_D                      : 4
#      LUT3_L                      : 7
#      LUT4                        : 797
#      LUT4_D                      : 21
#      LUT4_L                      : 36
#      MULT_AND                    : 3
#      MUXCY                       : 1228
#      MUXF5                       : 201
#      MUXF6                       : 15
#      VCC                         : 1
#      XORCY                       : 585
# FlipFlops/Latches                : 448
#      FD                          : 83
#      FDC                         : 40
#      FDCE                        : 97
#      FDCE_1                      : 28
#      FDE                         : 103
#      FDP_1                       : 1
#      FDR                         : 33
#      FDRE                        : 32
#      FDS                         : 4
#      FDSE                        : 1
#      LD_1                        : 1
#      LDE_1                       : 24
#      LDP                         : 1
# RAMS                             : 1
#      RAMB16                      : 1
# Shift Registers                  : 21
#      SRL16                       : 20
#      SRL16E                      : 1
# Clock Buffers                    : 2
#      BUFG                        : 1
#      BUFGP                       : 1
# IO Buffers                       : 39
#      IBUF                        : 8
#      IOBUF                       : 8
#      OBUF                        : 23
# MULTs                            : 1
#      MULT18X18                   : 1
=========================================================================

Device utilization summary:
---------------------------

Selected Device : 3s400ft256-4 

 Number of Slices:                     1165  out of   3584    32%  
 Number of Slice Flip Flops:            447  out of   7168     6%  
 Number of 4 input LUTs:               2230  out of   7168    31%  
    Number used as logic:              2209
    Number used as Shift registers:      21
 Number of IOs:                          47
 Number of bonded IOBs:                  40  out of    173    23%  
    IOB Flip Flops:                       1
 Number of BRAMs:                         1  out of     16     6%  
 Number of MULT18X18s:                    1  out of     16     6%  
 Number of GCLKs:                         2  out of      8    25%  

---------------------------
Partition Resource Summary:
---------------------------

  No Partitions were found in this design.

---------------------------


=========================================================================
TIMING REPORT

NOTE: THESE TIMING NUMBERS ARE ONLY A SYNTHESIS ESTIMATE.
      FOR ACCURATE TIMING INFORMATION PLEASE REFER TO THE TRACE REPORT
      GENERATED AFTER PLACE-and-ROUTE.

Clock Information:
------------------
-----------------------------------+-----------------------------------+-------+
Clock Signal                       | Clock buffer(FF name)             | Load  |
-----------------------------------+-----------------------------------+-------+
clk                                | BUFGP                             | 436   |
y_cmp_eq0001(y_FSM_Out11:O)        | NONE(*)(speaker)                  | 1     |
sig_load_done                      | NONE(sig_load_timer)              | 1     |
reset_sense                        | IBUF+BUFG                         | 24    |
sense/sensor/myOut                 | NONE(sense/swingComp/swingCount_7)| 8     |
-----------------------------------+-----------------------------------+-------+
(*) This 1 clock signal(s) are generated by combinatorial logic,
and XST is not able to identify which are the primary clock signals.
Please use the CLOCK_SIGNAL constraint to specify the clock signal(s) generated by combinatorial logic.
INFO:Xst:2169 - HDL ADVISOR - Some clock signals were not automatically buffered by XST with BUFG/BUFR resources. Please use the buffer_type constraint in order to insert these buffers to the clock signals to help prevent skew problems.

Asynchronous Control Signals Information:
----------------------------------------
------------------------------------------------------+-------------------------------+-------+
Control Signal                                        | Buffer(FF name)               | Load  |
------------------------------------------------------+-------------------------------+-------+
reset                                                 | IBUF                          | 90    |
reset_sense                                           | IBUF                          | 40    |
play_inv(play_inv1_INV_0:O)                           | NONE(rest_counter_0)          | 28    |
sig_music_counter_reset(sig_music_counter_reset1:O)   | NONE(music_counter/data_out_0)| 8     |
sound_gen/n_timer/timeout(sound_gen/n_timer/timeout:Q)| NONE(sig_load_timer)          | 1     |
------------------------------------------------------+-------------------------------+-------+

Timing Summary:
---------------
Speed Grade: -4

   Minimum period: 47.161ns (Maximum Frequency: 21.204MHz)
   Minimum input arrival time before clock: 24.146ns
   Maximum output required time after clock: 9.285ns
   Maximum combinational path delay: No path found

Timing Detail:
--------------
All values displayed in nanoseconds (ns)

=========================================================================
Timing constraint: Default period analysis for Clock 'clk'
  Clock period: 47.161ns (frequency: 21.204MHz)
  Total number of paths / destination ports: 16475775 / 694
-------------------------------------------------------------------------
Delay:               23.580ns (Levels of Logic = 39)
  Source:            tempo_reg/data_out_2 (FF)
  Destination:       sound_gen/n_timer/counter_27 (FF)
  Source Clock:      clk rising
  Destination Clock: clk falling

  Data Path: tempo_reg/data_out_2 to sound_gen/n_timer/counter_27
                                Gate     Net
    Cell:in->out      fanout   Delay   Delay  Logical Name (Net Name)
    ----------------------------------------  ------------
     FDCE:C->Q            68   0.720   2.127  tempo_reg/data_out_2 (tempo_reg/data_out_2)
     LUT3_D:I2->O         99   0.551   2.576  tempo_mux/data<0>1 (sig_tempo_mux_out<2>)
     LUT3:I0->O            1   0.551   0.000  sound_gen/n_timer/Mrom_sig_base4711_F (N639)
     MUXF5:I0->O           1   0.360   0.869  sound_gen/n_timer/Mrom_sig_base4711 (sound_gen/n_timer/Mrom_sig_base47)
     LUT3:I2->O            1   0.551   0.000  sound_gen/n_timer/Mrom_sig_base541_8_f5_F (N481)
     MUXF5:I0->O           1   0.360   0.827  sound_gen/n_timer/Mrom_sig_base541_8_f5 (sound_gen/n_timer/Mrom_sig_base541_8_f5)
     LUT4:I3->O            1   0.551   0.000  sound_gen/n_timer/Mrom_sig_base541_2_f5_F (N515)
     MUXF5:I0->O          17   0.360   1.345  sound_gen/n_timer/Mrom_sig_base541_2_f5 (sound_gen/n_timer/sig_base<4>1)
     INV:I->O              0   0.551   0.000  sound_gen/n_timer/sig_base<4>_inv1_INV_0 (sig_base<4>)
     MUXCY:DI->O           1   0.889   0.000  sound_gen/n_timer/Madd_sig_1_3_addsub0000_cy<1> (sound_gen/n_timer/Madd_sig_1_3_addsub0000_cy<1>)
     MUXCY:CI->O           1   0.064   0.000  sound_gen/n_timer/Madd_sig_1_3_addsub0000_cy<2> (sound_gen/n_timer/Madd_sig_1_3_addsub0000_cy<2>)
     XORCY:CI->O           1   0.904   0.996  sound_gen/n_timer/Madd_sig_1_3_addsub0000_xor<3> (sound_gen/n_timer/sig_1_3<3>)
     LUT2:I1->O            1   0.551   0.996  sound_gen/n_timer/sig_duration<3>71 (sound_gen/n_timer/sig_duration<3>71)
     LUT4:I1->O            1   0.551   0.000  sound_gen/n_timer/Mcompar_counter_cmp_lt0000_lut<3> (sound_gen/n_timer/Mcompar_counter_cmp_lt0000_lut<3>)
     MUXCY:S->O            1   0.500   0.000  sound_gen/n_timer/Mcompar_counter_cmp_lt0000_cy<3> (sound_gen/n_timer/Mcompar_counter_cmp_lt0000_cy<3>)
     MUXCY:CI->O           1   0.064   0.000  sound_gen/n_timer/Mcompar_counter_cmp_lt0000_cy<4> (sound_gen/n_timer/Mcompar_counter_cmp_lt0000_cy<4>)
     MUXCY:CI->O           1   0.064   0.000  sound_gen/n_timer/Mcompar_counter_cmp_lt0000_cy<5> (sound_gen/n_timer/Mcompar_counter_cmp_lt0000_cy<5>)
     MUXCY:CI->O           1   0.064   0.000  sound_gen/n_timer/Mcompar_counter_cmp_lt0000_cy<6> (sound_gen/n_timer/Mcompar_counter_cmp_lt0000_cy<6>)
     MUXCY:CI->O           1   0.064   0.000  sound_gen/n_timer/Mcompar_counter_cmp_lt0000_cy<7> (sound_gen/n_timer/Mcompar_counter_cmp_lt0000_cy<7>)
     MUXCY:CI->O           1   0.064   0.000  sound_gen/n_timer/Mcompar_counter_cmp_lt0000_cy<8> (sound_gen/n_timer/Mcompar_counter_cmp_lt0000_cy<8>)
     MUXCY:CI->O           1   0.064   0.000  sound_gen/n_timer/Mcompar_counter_cmp_lt0000_cy<9> (sound_gen/n_timer/Mcompar_counter_cmp_lt0000_cy<9>)
     MUXCY:CI->O           1   0.064   0.000  sound_gen/n_timer/Mcompar_counter_cmp_lt0000_cy<10> (sound_gen/n_timer/Mcompar_counter_cmp_lt0000_cy<10>)
     MUXCY:CI->O           1   0.064   0.000  sound_gen/n_timer/Mcompar_counter_cmp_lt0000_cy<11> (sound_gen/n_timer/Mcompar_counter_cmp_lt0000_cy<11>)
     MUXCY:CI->O           1   0.064   0.000  sound_gen/n_timer/Mcompar_counter_cmp_lt0000_cy<12> (sound_gen/n_timer/Mcompar_counter_cmp_lt0000_cy<12>)
     MUXCY:CI->O           1   0.064   0.000  sound_gen/n_timer/Mcompar_counter_cmp_lt0000_cy<13> (sound_gen/n_timer/Mcompar_counter_cmp_lt0000_cy<13>)
     MUXCY:CI->O           1   0.064   0.000  sound_gen/n_timer/Mcompar_counter_cmp_lt0000_cy<14> (sound_gen/n_timer/Mcompar_counter_cmp_lt0000_cy<14>)
     MUXCY:CI->O           1   0.064   0.000  sound_gen/n_timer/Mcompar_counter_cmp_lt0000_cy<15> (sound_gen/n_timer/Mcompar_counter_cmp_lt0000_cy<15>)
     MUXCY:CI->O           1   0.064   0.000  sound_gen/n_timer/Mcompar_counter_cmp_lt0000_cy<16> (sound_gen/n_timer/Mcompar_counter_cmp_lt0000_cy<16>)
     MUXCY:CI->O           1   0.064   0.000  sound_gen/n_timer/Mcompar_counter_cmp_lt0000_cy<17> (sound_gen/n_timer/Mcompar_counter_cmp_lt0000_cy<17>)
     MUXCY:CI->O           1   0.064   0.000  sound_gen/n_timer/Mcompar_counter_cmp_lt0000_cy<18> (sound_gen/n_timer/Mcompar_counter_cmp_lt0000_cy<18>)
     MUXCY:CI->O           1   0.064   0.000  sound_gen/n_timer/Mcompar_counter_cmp_lt0000_cy<19> (sound_gen/n_timer/Mcompar_counter_cmp_lt0000_cy<19>)
     MUXCY:CI->O           1   0.064   0.000  sound_gen/n_timer/Mcompar_counter_cmp_lt0000_cy<20> (sound_gen/n_timer/Mcompar_counter_cmp_lt0000_cy<20>)
     MUXCY:CI->O           1   0.064   0.000  sound_gen/n_timer/Mcompar_counter_cmp_lt0000_cy<21> (sound_gen/n_timer/Mcompar_counter_cmp_lt0000_cy<21>)
     MUXCY:CI->O           1   0.064   0.000  sound_gen/n_timer/Mcompar_counter_cmp_lt0000_cy<22> (sound_gen/n_timer/Mcompar_counter_cmp_lt0000_cy<22>)
     MUXCY:CI->O           1   0.064   0.000  sound_gen/n_timer/Mcompar_counter_cmp_lt0000_cy<23> (sound_gen/n_timer/Mcompar_counter_cmp_lt0000_cy<23>)
     MUXCY:CI->O           1   0.064   0.000  sound_gen/n_timer/Mcompar_counter_cmp_lt0000_cy<24> (sound_gen/n_timer/Mcompar_counter_cmp_lt0000_cy<24>)
     MUXCY:CI->O           1   0.064   0.000  sound_gen/n_timer/Mcompar_counter_cmp_lt0000_cy<25> (sound_gen/n_timer/Mcompar_counter_cmp_lt0000_cy<25>)
     MUXCY:CI->O           1   0.064   0.000  sound_gen/n_timer/Mcompar_counter_cmp_lt0000_cy<26> (sound_gen/n_timer/Mcompar_counter_cmp_lt0000_cy<26>)
     MUXCY:CI->O           2   0.303   1.072  sound_gen/n_timer/Mcompar_counter_cmp_lt0000_cy<27> (sound_gen/n_timer/Mcompar_counter_cmp_lt0000_cy<27>)
     LUT2:I1->O           28   0.551   1.830  sound_gen/n_timer/counter_not00011 (sound_gen/n_timer/counter_not0001)
     FDCE_1:CE                 0.602          sound_gen/n_timer/counter_0
    ----------------------------------------
    Total                     23.580ns (10.942ns logic, 12.638ns route)
                                       (46.4% logic, 53.6% route)

=========================================================================
Timing constraint: Default period analysis for Clock 'reset_sense'
  Clock period: 7.949ns (frequency: 125.802MHz)
  Total number of paths / destination ports: 106 / 24
-------------------------------------------------------------------------
Delay:               7.949ns (Levels of Logic = 4)
  Source:            sense/swingComp/tomult_7 (LATCH)
  Destination:       sense/swingComp/totalSwing_1 (LATCH)
  Source Clock:      reset_sense rising
  Destination Clock: reset_sense rising

  Data Path: sense/swingComp/tomult_7 to sense/swingComp/totalSwing_1
                                Gate     Net
    Cell:in->out      fanout   Delay   Delay  Logical Name (Net Name)
    ----------------------------------------  ------------
     LDE_1:G->Q            7   0.633   1.405  sense/swingComp/tomult_7 (sense/swingComp/tomult_7)
     LUT2:I0->O            2   0.551   1.072  sense/swingComp/totalSwing_cmp_gt0000112 (sense/swingComp/totalSwing_cmp_gt0000112)
     LUT4:I1->O            2   0.551   1.216  sense/swingComp/totalSwing_cmp_gt0000114 (sense/swingComp/totalSwing_cmp_gt0000)
     LUT4:I0->O            2   0.551   1.216  sense/swingComp/totalSwing_mux0004<6>11 (sense/swingComp/N6)
     LUT4:I0->O            1   0.551   0.000  sense/swingComp/totalSwing_mux0004<7>1 (sense/swingComp/totalSwing_mux0004<7>)
     LDE_1:D                   0.203          sense/swingComp/totalSwing_0
    ----------------------------------------
    Total                      7.949ns (3.040ns logic, 4.909ns route)
                                       (38.2% logic, 61.8% route)

=========================================================================
Timing constraint: Default period analysis for Clock 'sense/sensor/myOut'
  Clock period: 4.414ns (frequency: 226.552MHz)
  Total number of paths / destination ports: 36 / 8
-------------------------------------------------------------------------
Delay:               4.414ns (Levels of Logic = 8)
  Source:            sense/swingComp/swingCount_1 (FF)
  Destination:       sense/swingComp/swingCount_7 (FF)
  Source Clock:      sense/sensor/myOut rising
  Destination Clock: sense/sensor/myOut rising

  Data Path: sense/swingComp/swingCount_1 to sense/swingComp/swingCount_7
                                Gate     Net
    Cell:in->out      fanout   Delay   Delay  Logical Name (Net Name)
    ----------------------------------------  ------------
     FDCE:C->Q             2   0.720   1.216  sense/swingComp/swingCount_1 (sense/swingComp/swingCount_1)
     LUT1:I0->O            1   0.551   0.000  sense/swingComp/Mcount_swingCount_cy<1>_rt (sense/swingComp/Mcount_swingCount_cy<1>_rt)
     MUXCY:S->O            1   0.500   0.000  sense/swingComp/Mcount_swingCount_cy<1> (sense/swingComp/Mcount_swingCount_cy<1>)
     MUXCY:CI->O           1   0.064   0.000  sense/swingComp/Mcount_swingCount_cy<2> (sense/swingComp/Mcount_swingCount_cy<2>)
     MUXCY:CI->O           1   0.064   0.000  sense/swingComp/Mcount_swingCount_cy<3> (sense/swingComp/Mcount_swingCount_cy<3>)
     MUXCY:CI->O           1   0.064   0.000  sense/swingComp/Mcount_swingCount_cy<4> (sense/swingComp/Mcount_swingCount_cy<4>)
     MUXCY:CI->O           1   0.064   0.000  sense/swingComp/Mcount_swingCount_cy<5> (sense/swingComp/Mcount_swingCount_cy<5>)
     MUXCY:CI->O           0   0.064   0.000  sense/swingComp/Mcount_swingCount_cy<6> (sense/swingComp/Mcount_swingCount_cy<6>)
     XORCY:CI->O           1   0.904   0.000  sense/swingComp/Mcount_swingCount_xor<7> (sense/swingComp/Result<7>)
     FDCE:D                    0.203          sense/swingComp/swingCount_7
    ----------------------------------------
    Total                      4.414ns (3.198ns logic, 1.216ns route)
                                       (72.5% logic, 27.5% route)

=========================================================================
Timing constraint: Default OFFSET IN BEFORE for Clock 'clk'
  Total number of paths / destination ports: 5638639 / 196
-------------------------------------------------------------------------
Offset:              24.146ns (Levels of Logic = 40)
  Source:            tempo_mode (PAD)
  Destination:       sound_gen/n_timer/counter_27 (FF)
  Destination Clock: clk falling

  Data Path: tempo_mode to sound_gen/n_timer/counter_27
                                Gate     Net
    Cell:in->out      fanout   Delay   Delay  Logical Name (Net Name)
    ----------------------------------------  ------------
     IBUF:I->O           127   0.821   2.592  tempo_mode_IBUF (tempo_mode_IBUF)
     LUT3_D:I1->O         99   0.551   2.576  tempo_mux/data<0>1 (sig_tempo_mux_out<2>)
     LUT3:I0->O            1   0.551   0.000  sound_gen/n_timer/Mrom_sig_base4711_F (N639)
     MUXF5:I0->O           1   0.360   0.869  sound_gen/n_timer/Mrom_sig_base4711 (sound_gen/n_timer/Mrom_sig_base47)
     LUT3:I2->O            1   0.551   0.000  sound_gen/n_timer/Mrom_sig_base541_8_f5_F (N481)
     MUXF5:I0->O           1   0.360   0.827  sound_gen/n_timer/Mrom_sig_base541_8_f5 (sound_gen/n_timer/Mrom_sig_base541_8_f5)
     LUT4:I3->O            1   0.551   0.000  sound_gen/n_timer/Mrom_sig_base541_2_f5_F (N515)
     MUXF5:I0->O          17   0.360   1.345  sound_gen/n_timer/Mrom_sig_base541_2_f5 (sound_gen/n_timer/sig_base<4>1)
     INV:I->O              0   0.551   0.000  sound_gen/n_timer/sig_base<4>_inv1_INV_0 (sig_base<4>)
     MUXCY:DI->O           1   0.889   0.000  sound_gen/n_timer/Madd_sig_1_3_addsub0000_cy<1> (sound_gen/n_timer/Madd_sig_1_3_addsub0000_cy<1>)
     MUXCY:CI->O           1   0.064   0.000  sound_gen/n_timer/Madd_sig_1_3_addsub0000_cy<2> (sound_gen/n_timer/Madd_sig_1_3_addsub0000_cy<2>)
     XORCY:CI->O           1   0.904   0.996  sound_gen/n_timer/Madd_sig_1_3_addsub0000_xor<3> (sound_gen/n_timer/sig_1_3<3>)
     LUT2:I1->O            1   0.551   0.996  sound_gen/n_timer/sig_duration<3>71 (sound_gen/n_timer/sig_duration<3>71)
     LUT4:I1->O            1   0.551   0.000  sound_gen/n_timer/Mcompar_counter_cmp_lt0000_lut<3> (sound_gen/n_timer/Mcompar_counter_cmp_lt0000_lut<3>)
     MUXCY:S->O            1   0.500   0.000  sound_gen/n_timer/Mcompar_counter_cmp_lt0000_cy<3> (sound_gen/n_timer/Mcompar_counter_cmp_lt0000_cy<3>)
     MUXCY:CI->O           1   0.064   0.000  sound_gen/n_timer/Mcompar_counter_cmp_lt0000_cy<4> (sound_gen/n_timer/Mcompar_counter_cmp_lt0000_cy<4>)
     MUXCY:CI->O           1   0.064   0.000  sound_gen/n_timer/Mcompar_counter_cmp_lt0000_cy<5> (sound_gen/n_timer/Mcompar_counter_cmp_lt0000_cy<5>)
     MUXCY:CI->O           1   0.064   0.000  sound_gen/n_timer/Mcompar_counter_cmp_lt0000_cy<6> (sound_gen/n_timer/Mcompar_counter_cmp_lt0000_cy<6>)
     MUXCY:CI->O           1   0.064   0.000  sound_gen/n_timer/Mcompar_counter_cmp_lt0000_cy<7> (sound_gen/n_timer/Mcompar_counter_cmp_lt0000_cy<7>)
     MUXCY:CI->O           1   0.064   0.000  sound_gen/n_timer/Mcompar_counter_cmp_lt0000_cy<8> (sound_gen/n_timer/Mcompar_counter_cmp_lt0000_cy<8>)
     MUXCY:CI->O           1   0.064   0.000  sound_gen/n_timer/Mcompar_counter_cmp_lt0000_cy<9> (sound_gen/n_timer/Mcompar_counter_cmp_lt0000_cy<9>)
     MUXCY:CI->O           1   0.064   0.000  sound_gen/n_timer/Mcompar_counter_cmp_lt0000_cy<10> (sound_gen/n_timer/Mcompar_counter_cmp_lt0000_cy<10>)
     MUXCY:CI->O           1   0.064   0.000  sound_gen/n_timer/Mcompar_counter_cmp_lt0000_cy<11> (sound_gen/n_timer/Mcompar_counter_cmp_lt0000_cy<11>)
     MUXCY:CI->O           1   0.064   0.000  sound_gen/n_timer/Mcompar_counter_cmp_lt0000_cy<12> (sound_gen/n_timer/Mcompar_counter_cmp_lt0000_cy<12>)
     MUXCY:CI->O           1   0.064   0.000  sound_gen/n_timer/Mcompar_counter_cmp_lt0000_cy<13> (sound_gen/n_timer/Mcompar_counter_cmp_lt0000_cy<13>)
     MUXCY:CI->O           1   0.064   0.000  sound_gen/n_timer/Mcompar_counter_cmp_lt0000_cy<14> (sound_gen/n_timer/Mcompar_counter_cmp_lt0000_cy<14>)
     MUXCY:CI->O           1   0.064   0.000  sound_gen/n_timer/Mcompar_counter_cmp_lt0000_cy<15> (sound_gen/n_timer/Mcompar_counter_cmp_lt0000_cy<15>)
     MUXCY:CI->O           1   0.064   0.000  sound_gen/n_timer/Mcompar_counter_cmp_lt0000_cy<16> (sound_gen/n_timer/Mcompar_counter_cmp_lt0000_cy<16>)
     MUXCY:CI->O           1   0.064   0.000  sound_gen/n_timer/Mcompar_counter_cmp_lt0000_cy<17> (sound_gen/n_timer/Mcompar_counter_cmp_lt0000_cy<17>)
     MUXCY:CI->O           1   0.064   0.000  sound_gen/n_timer/Mcompar_counter_cmp_lt0000_cy<18> (sound_gen/n_timer/Mcompar_counter_cmp_lt0000_cy<18>)
     MUXCY:CI->O           1   0.064   0.000  sound_gen/n_timer/Mcompar_counter_cmp_lt0000_cy<19> (sound_gen/n_timer/Mcompar_counter_cmp_lt0000_cy<19>)
     MUXCY:CI->O           1   0.064   0.000  sound_gen/n_timer/Mcompar_counter_cmp_lt0000_cy<20> (sound_gen/n_timer/Mcompar_counter_cmp_lt0000_cy<20>)
     MUXCY:CI->O           1   0.064   0.000  sound_gen/n_timer/Mcompar_counter_cmp_lt0000_cy<21> (sound_gen/n_timer/Mcompar_counter_cmp_lt0000_cy<21>)
     MUXCY:CI->O           1   0.064   0.000  sound_gen/n_timer/Mcompar_counter_cmp_lt0000_cy<22> (sound_gen/n_timer/Mcompar_counter_cmp_lt0000_cy<22>)
     MUXCY:CI->O           1   0.064   0.000  sound_gen/n_timer/Mcompar_counter_cmp_lt0000_cy<23> (sound_gen/n_timer/Mcompar_counter_cmp_lt0000_cy<23>)
     MUXCY:CI->O           1   0.064   0.000  sound_gen/n_timer/Mcompar_counter_cmp_lt0000_cy<24> (sound_gen/n_timer/Mcompar_counter_cmp_lt0000_cy<24>)
     MUXCY:CI->O           1   0.064   0.000  sound_gen/n_timer/Mcompar_counter_cmp_lt0000_cy<25> (sound_gen/n_timer/Mcompar_counter_cmp_lt0000_cy<25>)
     MUXCY:CI->O           1   0.064   0.000  sound_gen/n_timer/Mcompar_counter_cmp_lt0000_cy<26> (sound_gen/n_timer/Mcompar_counter_cmp_lt0000_cy<26>)
     MUXCY:CI->O           2   0.303   1.072  sound_gen/n_timer/Mcompar_counter_cmp_lt0000_cy<27> (sound_gen/n_timer/Mcompar_counter_cmp_lt0000_cy<27>)
     LUT2:I1->O           28   0.551   1.830  sound_gen/n_timer/counter_not00011 (sound_gen/n_timer/counter_not0001)
     FDCE_1:CE                 0.602          sound_gen/n_timer/counter_0
    ----------------------------------------
    Total                     24.146ns (11.043ns logic, 13.103ns route)
                                       (45.7% logic, 54.3% route)

=========================================================================
Timing constraint: Default OFFSET IN BEFORE for Clock 'reset_sense'
  Total number of paths / destination ports: 24 / 24
-------------------------------------------------------------------------
Offset:              3.820ns (Levels of Logic = 1)
  Source:            tempo_mode (PAD)
  Destination:       sense/swingComp/swingout_7 (LATCH)
  Destination Clock: reset_sense rising

  Data Path: tempo_mode to sense/swingComp/swingout_7
                                Gate     Net
    Cell:in->out      fanout   Delay   Delay  Logical Name (Net Name)
    ----------------------------------------  ------------
     IBUF:I->O           127   0.821   2.397  tempo_mode_IBUF (tempo_mode_IBUF)
     LDE_1:GE                  0.602          sense/swingComp/tomult_7
    ----------------------------------------
    Total                      3.820ns (1.423ns logic, 2.397ns route)
                                       (37.2% logic, 62.8% route)

=========================================================================
Timing constraint: Default OFFSET IN BEFORE for Clock 'sense/sensor/myOut'
  Total number of paths / destination ports: 8 / 8
-------------------------------------------------------------------------
Offset:              3.820ns (Levels of Logic = 1)
  Source:            tempo_mode (PAD)
  Destination:       sense/swingComp/swingCount_7 (FF)
  Destination Clock: sense/sensor/myOut rising

  Data Path: tempo_mode to sense/swingComp/swingCount_7
                                Gate     Net
    Cell:in->out      fanout   Delay   Delay  Logical Name (Net Name)
    ----------------------------------------  ------------
     IBUF:I->O           127   0.821   2.397  tempo_mode_IBUF (tempo_mode_IBUF)
     FDCE:CE                   0.602          sense/swingComp/swingCount_0
    ----------------------------------------
    Total                      3.820ns (1.423ns logic, 2.397ns route)
                                       (37.2% logic, 62.8% route)

=========================================================================
Timing constraint: Default OFFSET OUT AFTER for Clock 'clk'
  Total number of paths / destination ports: 76 / 29
-------------------------------------------------------------------------
Offset:              9.285ns (Levels of Logic = 2)
  Source:            epp/done (FF)
  Destination:       led<7> (PAD)
  Source Clock:      clk rising

  Data Path: epp/done to led<7>
                                Gate     Net
    Cell:in->out      fanout   Delay   Delay  Logical Name (Net Name)
    ----------------------------------------  ------------
     FDR:C->Q              9   0.720   1.463  epp/done (epp/done)
     LUT3:I0->O            3   0.551   0.907  load_or_play_addr/data<7>1 (led_7_OBUF)
     OBUF:I->O                 5.644          led_7_OBUF (led<7>)
    ----------------------------------------
    Total                      9.285ns (6.915ns logic, 2.370ns route)
                                       (74.5% logic, 25.5% route)

=========================================================================
Timing constraint: Default OFFSET OUT AFTER for Clock 'y_cmp_eq0001'
  Total number of paths / destination ports: 1 / 1
-------------------------------------------------------------------------
Offset:              7.078ns (Levels of Logic = 1)
  Source:            speaker (LATCH)
  Destination:       speaker (PAD)
  Source Clock:      y_cmp_eq0001 rising

  Data Path: speaker to speaker
                                Gate     Net
    Cell:in->out      fanout   Delay   Delay  Logical Name (Net Name)
    ----------------------------------------  ------------
     LD_1:G->Q             1   0.633   0.801  speaker (speaker_OBUF)
     OBUF:I->O                 5.644          speaker_OBUF (speaker)
    ----------------------------------------
    Total                      7.078ns (6.277ns logic, 0.801ns route)
                                       (88.7% logic, 11.3% route)

=========================================================================


Total REAL time to Xst completion: 69.00 secs
Total CPU time to Xst completion: 68.65 secs
 
--> 

Total memory usage is 319628 kilobytes

Number of errors   :    0 (   0 filtered)
Number of warnings :   74 (   0 filtered)
Number of infos    :   12 (   0 filtered)

