Release 14.7 - xst P.20131013 (nt)
Copyright (c) 1995-2013 Xilinx, Inc.  All rights reserved.
--> Parameter TMPDIR set to xst/projnav.tmp


Total REAL time to Xst completion: 0.00 secs
Total CPU time to Xst completion: 0.14 secs
 
--> Parameter xsthdpdir set to xst


Total REAL time to Xst completion: 0.00 secs
Total CPU time to Xst completion: 0.14 secs
 
--> Reading design: dpimref.prj

TABLE OF CONTENTS
  1) Synthesis Options Summary
  2) HDL Compilation
  3) Design Hierarchy Analysis
  4) HDL Analysis
  5) HDL Synthesis
     5.1) HDL Synthesis Report
  6) Advanced HDL Synthesis
     6.1) Advanced HDL Synthesis Report
  7) Low Level Synthesis
  8) Partition Report
  9) Final Report
	9.1) Device utilization summary
	9.2) Partition Resource Summary
	9.3) TIMING REPORT


=========================================================================
*                      Synthesis Options Summary                        *
=========================================================================
---- Source Parameters
Input File Name                    : "dpimref.prj"
Input Format                       : mixed
Ignore Synthesis Constraint File   : NO

---- Target Parameters
Output File Name                   : "dpimref"
Output Format                      : NGC
Target Device                      : xc3s400-5-ft256

---- Source Options
Top Module Name                    : dpimref
Automatic FSM Extraction           : YES
FSM Encoding Algorithm             : Auto
Safe Implementation                : No
FSM Style                          : LUT
RAM Extraction                     : Yes
RAM Style                          : Auto
ROM Extraction                     : Yes
Mux Style                          : Auto
Decoder Extraction                 : YES
Priority Encoder Extraction        : Yes
Shift Register Extraction          : YES
Logical Shifter Extraction         : YES
XOR Collapsing                     : YES
ROM Style                          : Auto
Mux Extraction                     : Yes
Resource Sharing                   : YES
Asynchronous To Synchronous        : NO
Multiplier Style                   : Auto
Automatic Register Balancing       : No

---- Target Options
Add IO Buffers                     : YES
Global Maximum Fanout              : 100000
Add Generic Clock Buffer(BUFG)     : 8
Register Duplication               : YES
Slice Packing                      : YES
Optimize Instantiated Primitives   : NO
Use Clock Enable                   : Yes
Use Synchronous Set                : Yes
Use Synchronous Reset              : Yes
Pack IO Registers into IOBs        : Auto
Equivalent register Removal        : YES

---- General Options
Optimization Goal                  : Speed
Optimization Effort                : 1
Keep Hierarchy                     : No
Netlist Hierarchy                  : As_Optimized
RTL Output                         : Yes
Global Optimization                : AllClockNets
Read Cores                         : YES
Write Timing Constraints           : NO
Cross Clock Analysis               : NO
Hierarchy Separator                : /
Bus Delimiter                      : <>
Case Specifier                     : Maintain
Slice Utilization Ratio            : 100
BRAM Utilization Ratio             : 100
Verilog 2001                       : YES
Auto BRAM Packing                  : NO
Slice Utilization Ratio Delta      : 5

=========================================================================


=========================================================================
*                          HDL Compilation                              *
=========================================================================
Compiling vhdl file "//mac/home/Desktop/Study/COMP3601/comp3601/VHDL/epp/eppctrl.vhd" in Library work.
Entity <dpimref> compiled.
Entity <dpimref> (Architecture <Behavioral>) compiled.

=========================================================================
*                     Design Hierarchy Analysis                         *
=========================================================================
Analyzing hierarchy for entity <dpimref> in library <work> (architecture <Behavioral>).


=========================================================================
*                            HDL Analysis                               *
=========================================================================
Analyzing Entity <dpimref> in library <work> (Architecture <Behavioral>).
Entity <dpimref> analyzed. Unit <dpimref> generated.


=========================================================================
*                           HDL Synthesis                               *
=========================================================================

Performing bidirectional port resolution...

Synthesizing Unit <dpimref>.
    Related source file is "//mac/home/Desktop/Study/COMP3601/comp3601/VHDL/epp/eppctrl.vhd".
    Found finite state machine <FSM_0> for signal <stEppCur>.
    -----------------------------------------------------------------------
    | States             | 9                                              |
    | Transitions        | 17                                             |
    | Inputs             | 3                                              |
    | Outputs            | 8                                              |
    | Clock              | clkMain                   (rising_edge)        |
    | Power Up State     | 00000000                                       |
    | Encoding           | automatic                                      |
    | Implementation     | LUT                                            |
    -----------------------------------------------------------------------
    Found 8-bit tristate buffer for signal <pdb>.
    Found 24-bit up counter for signal <cntr>.
    Found 8-bit register for signal <regData0>.
    Found 8-bit register for signal <regData1>.
    Found 8-bit register for signal <regData2>.
    Found 8-bit register for signal <regData3>.
    Found 8-bit register for signal <regData4>.
    Found 8-bit register for signal <regData5>.
    Found 8-bit register for signal <regData6>.
    Found 8-bit register for signal <regData7>.
    Found 4-bit register for signal <regEppAdr>.
    Found 8-bit register for signal <regLed>.
    Summary:
	inferred   1 Finite State Machine(s).
	inferred   1 Counter(s).
	inferred  76 D-type flip-flop(s).
	inferred   8 Tristate(s).
Unit <dpimref> synthesized.


=========================================================================
HDL Synthesis Report

Macro Statistics
# Registers                                            : 10
 4-bit register                                        : 1
 8-bit register                                        : 9
# Tristates                                            : 1
 8-bit tristate buffer                                 : 1

=========================================================================

=========================================================================
*                       Advanced HDL Synthesis                          *
=========================================================================

Analyzing FSM <FSM_0> for best encoding.
Optimizing FSM <stEppCur/FSM> on signal <stEppCur[1:4]> with gray encoding.
----------------------
 State    | Encoding
----------------------
 00000000 | 0000
 00010100 | 0001
 00110010 | 0011
 01011000 | 0010
 01110010 | 0110
 00100001 | 0111
 01000011 | 0101
 01100001 | 0100
 10000011 | 1100
----------------------

=========================================================================
Advanced HDL Synthesis Report

Macro Statistics
# FSMs                                                 : 1
# Registers                                            : 76
 Flip-Flops                                            : 76

=========================================================================

=========================================================================
*                         Low Level Synthesis                           *
=========================================================================

Optimizing unit <dpimref> ...

Mapping all equations...
Building and optimizing final netlist ...
Found area constraint ratio of 100 (+ 5) on block dpimref, actual ratio is 1.
FlipFlop regEppAdr_0 has been replicated 1 time(s)
FlipFlop regEppAdr_1 has been replicated 1 time(s)

Final Macro Processing ...

=========================================================================
Final Register Report

Macro Statistics
# Registers                                            : 82
 Flip-Flops                                            : 82

=========================================================================

=========================================================================
*                           Partition Report                            *
=========================================================================

Partition Implementation Status
-------------------------------

  No Partitions were found in this design.

-------------------------------

=========================================================================
*                            Final Report                               *
=========================================================================
Final Results
RTL Top Level Output File Name     : dpimref.ngr
Top Level Output File Name         : dpimref
Output Format                      : NGC
Optimization Goal                  : Speed
Keep Hierarchy                     : No

Design Statistics
# IOs                              : 34

Cell Usage :
# BELS                             : 96
#      LUT2                        : 2
#      LUT2_L                      : 1
#      LUT3                        : 5
#      LUT4                        : 70
#      LUT4_D                      : 8
#      LUT4_L                      : 3
#      MUXF5                       : 7
# FlipFlops/Latches                : 82
#      FD                          : 3
#      FDE                         : 78
#      FDS                         : 1
# Clock Buffers                    : 1
#      BUFGP                       : 1
# IO Buffers                       : 33
#      IBUF                        : 16
#      IOBUF                       : 8
#      OBUF                        : 9
=========================================================================

Device utilization summary:
---------------------------

Selected Device : 3s400ft256-5 

 Number of Slices:                       65  out of   3584     1%  
 Number of Slice Flip Flops:             82  out of   7168     1%  
 Number of 4 input LUTs:                 89  out of   7168     1%  
 Number of IOs:                          34
 Number of bonded IOBs:                  34  out of    173    19%  
 Number of GCLKs:                         1  out of      8    12%  

---------------------------
Partition Resource Summary:
---------------------------

  No Partitions were found in this design.

---------------------------


=========================================================================
TIMING REPORT

NOTE: THESE TIMING NUMBERS ARE ONLY A SYNTHESIS ESTIMATE.
      FOR ACCURATE TIMING INFORMATION PLEASE REFER TO THE TRACE REPORT
      GENERATED AFTER PLACE-and-ROUTE.

Clock Information:
------------------
-----------------------------------+------------------------+-------+
Clock Signal                       | Clock buffer(FF name)  | Load  |
-----------------------------------+------------------------+-------+
mclk                               | BUFGP                  | 82    |
-----------------------------------+------------------------+-------+

Asynchronous Control Signals Information:
----------------------------------------
No asynchronous control signals found in this design

Timing Summary:
---------------
Speed Grade: -5

   Minimum period: 4.456ns (Maximum Frequency: 224.399MHz)
   Minimum input arrival time before clock: 3.931ns
   Maximum output required time after clock: 13.141ns
   Maximum combinational path delay: 11.308ns

Timing Detail:
--------------
All values displayed in nanoseconds (ns)

=========================================================================
Timing constraint: Default period analysis for Clock 'mclk'
  Clock period: 4.456ns (frequency: 224.399MHz)
  Total number of paths / destination ports: 539 / 83
-------------------------------------------------------------------------
Delay:               4.456ns (Levels of Logic = 2)
  Source:            regEppAdr_2 (FF)
  Destination:       regLed_0 (FF)
  Source Clock:      mclk rising
  Destination Clock: mclk rising

  Data Path: regEppAdr_2 to regLed_0
                                Gate     Net
    Cell:in->out      fanout   Delay   Delay  Logical Name (Net Name)
    ----------------------------------------  ------------
     FDE:C->Q             15   0.626   1.305  regEppAdr_2 (regEppAdr_2)
     LUT4_D:I0->LO         1   0.479   0.123  busEppData_cmp_eq00031 (N74)
     LUT4:I3->O            8   0.479   0.921  regData3_and00001 (regData3_and0000)
     FDE:CE                    0.524          regData3_0
    ----------------------------------------
    Total                      4.456ns (2.108ns logic, 2.348ns route)
                                       (47.3% logic, 52.7% route)

=========================================================================
Timing constraint: Default OFFSET IN BEFORE for Clock 'mclk'
  Total number of paths / destination ports: 88 / 83
-------------------------------------------------------------------------
Offset:              3.931ns (Levels of Logic = 2)
  Source:            astb (PAD)
  Destination:       stEppCur_FSM_FFd2 (FF)
  Destination Clock: mclk rising

  Data Path: astb to stEppCur_FSM_FFd2
                                Gate     Net
    Cell:in->out      fanout   Delay   Delay  Logical Name (Net Name)
    ----------------------------------------  ------------
     IBUF:I->O            13   0.715   1.164  astb_IBUF (astb_IBUF)
     LUT4:I1->O            1   0.479   0.681  stEppCur_FSM_FFd2-In15 (stEppCur_FSM_FFd2-In15)
     FDS:S                     0.892          stEppCur_FSM_FFd2
    ----------------------------------------
    Total                      3.931ns (2.086ns logic, 1.845ns route)
                                       (53.1% logic, 46.9% route)

=========================================================================
Timing constraint: Default OFFSET OUT AFTER for Clock 'mclk'
  Total number of paths / destination ports: 414 / 17
-------------------------------------------------------------------------
Offset:              13.141ns (Levels of Logic = 6)
  Source:            regEppAdr_3 (FF)
  Destination:       pdb<3> (PAD)
  Source Clock:      mclk rising

  Data Path: regEppAdr_3 to pdb<3>
                                Gate     Net
    Cell:in->out      fanout   Delay   Delay  Logical Name (Net Name)
    ----------------------------------------  ------------
     FDE:C->Q             15   0.626   1.305  regEppAdr_3 (regEppAdr_3)
     LUT4_D:I0->O          5   0.479   1.078  busEppData_cmp_eq00062 (busEppData_cmp_eq0006)
     LUT4:I0->O            1   0.479   0.740  busEppOut<3>42 (busEppOut<3>42)
     LUT4:I2->O            1   0.479   0.704  busEppOut<3>44 (busEppOut<3>44)
     LUT4:I3->O            1   0.479   0.704  busEppOut<3>79_SW0 (N50)
     LUT4:I3->O            1   0.479   0.681  busEppOut<3>79 (busEppOut<3>)
     IOBUF:I->IO               4.909          pdb_3_IOBUF (pdb<3>)
    ----------------------------------------
    Total                     13.141ns (7.930ns logic, 5.211ns route)
                                       (60.3% logic, 39.7% route)

=========================================================================
Timing constraint: Default path analysis
  Total number of paths / destination ports: 40 / 8
-------------------------------------------------------------------------
Delay:               11.308ns (Levels of Logic = 6)
  Source:            rgBtn<3> (PAD)
  Destination:       pdb<3> (PAD)

  Data Path: rgBtn<3> to pdb<3>
                                Gate     Net
    Cell:in->out      fanout   Delay   Delay  Logical Name (Net Name)
    ----------------------------------------  ------------
     IBUF:I->O             1   0.715   0.976  rgBtn_3_IBUF (rgBtn_3_IBUF)
     LUT4:I0->O            1   0.479   0.704  busEppOut<3>44_SW0 (N58)
     LUT4:I3->O            1   0.479   0.704  busEppOut<3>44 (busEppOut<3>44)
     LUT4:I3->O            1   0.479   0.704  busEppOut<3>79_SW0 (N50)
     LUT4:I3->O            1   0.479   0.681  busEppOut<3>79 (busEppOut<3>)
     IOBUF:I->IO               4.909          pdb_3_IOBUF (pdb<3>)
    ----------------------------------------
    Total                     11.308ns (7.540ns logic, 3.768ns route)
                                       (66.7% logic, 33.3% route)

=========================================================================


Total REAL time to Xst completion: 4.00 secs
Total CPU time to Xst completion: 4.02 secs
 
--> 

Total memory usage is 250892 kilobytes

Number of errors   :    0 (   0 filtered)
Number of warnings :    0 (   0 filtered)
Number of infos    :    0 (   0 filtered)

