Release 14.7 Map P.20131013 (nt)
Xilinx Mapping Report File for Design 'musicplayer_top'

Design Information
------------------
Command Line   : map -intstyle ise -p xc3s400-ft256-4 -cm area -ir off -pr off
-c 100 -o musicplayer_top_map.ncd musicplayer_top.ngd musicplayer_top.pcf 
Target Device  : xc3s400
Target Package : ft256
Target Speed   : -4
Mapper Version : spartan3 -- $Revision: 1.55 $
Mapped Date    : Sat Oct 21 21:16:24 2017

Design Summary
--------------
Number of errors:      0
Number of warnings:    7
Logic Utilization:
  Total Number Slice Registers:         493 out of   7,168    6%
    Number used as Flip Flops:          468
    Number used as Latches:              25
  Number of 4 input LUTs:             2,192 out of   7,168   30%
Logic Distribution:
  Number of occupied Slices:          1,391 out of   3,584   38%
    Number of Slices containing only related logic:   1,391 out of   1,391 100%
    Number of Slices containing unrelated logic:          0 out of   1,391   0%
      *See NOTES below for an explanation of the effects of unrelated logic.
  Total Number of 4 input LUTs:       2,399 out of   7,168   33%
    Number used as logic:             2,191
    Number used as a route-thru:        207
    Number used as Shift registers:       1

  The Slice Logic Distribution report is not meaningful if the design is
  over-mapped for a non-slice resource or if Placement fails.

  Number of bonded IOBs:                 37 out of     173   21%
  Number of RAMB16s:                      1 out of      16    6%
  Number of MULT18X18s:                   1 out of      16    6%
  Number of BUFGMUXs:                     2 out of       8   25%

Average Fanout of Non-Clock Nets:                3.40

Peak Memory Usage:  239 MB
Total REAL time to MAP completion:  7 secs 
Total CPU time to MAP completion:   7 secs 

NOTES:

   Related logic is defined as being logic that shares connectivity - e.g. two
   LUTs are "related" if they share common inputs.  When assembling slices,
   Map gives priority to combine logic that is related.  Doing so results in
   the best timing performance.

   Unrelated logic shares no connectivity.  Map will only begin packing
   unrelated logic into a slice once 99% of the slices are occupied through
   related logic packing.

   Note that once logic distribution reaches the 99% level through related
   logic packing, this does not mean the device is completely utilized.
   Unrelated logic packing will then begin, continuing until all usable LUTs
   and FFs are occupied.  Depending on your timing budget, increased levels of
   unrelated logic packing may adversely affect the overall timing performance
   of your design.

Table of Contents
-----------------
Section 1 - Errors
Section 2 - Warnings
Section 3 - Informational
Section 4 - Removed Logic Summary
Section 5 - Removed Logic
Section 6 - IOB Properties
Section 7 - RPMs
Section 8 - Guide Report
Section 9 - Area Group and Partition Summary
Section 10 - Timing Report
Section 11 - Configuration String Information
Section 12 - Control Set Information
Section 13 - Utilization by Hierarchy

Section 1 - Errors
------------------

Section 2 - Warnings
--------------------
WARNING:Pack:249 - The following adjacent carry multiplexers occupy different
   slice components.  The resulting carry chain will have suboptimal timing.
   	Mcompar_sig_load_done_cmp_lt0000_cy<26>
   	Mcount_rest_counter_cy<0>
WARNING:PhysDesignRules:812 - Dangling pin <DOA0> on
   block:<mem/Mram_sig_data_mem.A>:<RAMB16_RAMB16A>.
WARNING:PhysDesignRules:812 - Dangling pin <DOA1> on
   block:<mem/Mram_sig_data_mem.A>:<RAMB16_RAMB16A>.
WARNING:PhysDesignRules:812 - Dangling pin <DOA12> on
   block:<mem/Mram_sig_data_mem.A>:<RAMB16_RAMB16A>.
WARNING:PhysDesignRules:812 - Dangling pin <DOA13> on
   block:<mem/Mram_sig_data_mem.A>:<RAMB16_RAMB16A>.
WARNING:PhysDesignRules:812 - Dangling pin <DOA14> on
   block:<mem/Mram_sig_data_mem.A>:<RAMB16_RAMB16A>.
WARNING:PhysDesignRules:812 - Dangling pin <DOA15> on
   block:<mem/Mram_sig_data_mem.A>:<RAMB16_RAMB16A>.

Section 3 - Informational
-------------------------
INFO:LIT:243 - Logical network tempo_sw_down has no load.
INFO:LIT:395 - The above info message is repeated 2 more times for the following
   (max. 5 shown):
   tempo_sw_en,
   tempo_sw_up
   To see the details of these info messages, please use the -detail switch.
INFO:MapLib:562 - No environment variables are currently set.
INFO:LIT:244 - All of the single ended outputs in this design are using slew
   rate limited output drivers. The delay on speed critical single ended outputs
   can be dramatically reduced by designating them as fast outputs.

Section 4 - Removed Logic Summary
---------------------------------
   3 block(s) optimized away

Section 5 - Removed Logic
-------------------------

Optimized Block(s):
TYPE 		BLOCK
GND 		XST_GND
VCC 		XST_VCC

To enable printing of redundant blocks removed and signals merged, set the
detailed map report option and rerun map.

Section 6 - IOB Properties
--------------------------

+---------------------------------------------------------------------------------------------------------------------------------------------------------+
| IOB Name                           | Type             | Direction | IO Standard          | Diff  | Drive    | Slew | Reg (s)      | Resistor | IOB      |
|                                    |                  |           |                      | Term  | Strength | Rate |              |          | Delay    |
+---------------------------------------------------------------------------------------------------------------------------------------------------------+
| astb                               | IOB              | INPUT     | LVCMOS25             |       |          |      |              |          |          |
| clk                                | IOB              | INPUT     | LVCMOS25             |       |          |      |              |          |          |
| displayOut<0>                      | IOB              | OUTPUT    | LVCMOS25             |       | 12       | SLOW |              |          |          |
| displayOut<1>                      | IOB              | OUTPUT    | LVCMOS25             |       | 12       | SLOW |              |          |          |
| displayOut<2>                      | IOB              | OUTPUT    | LVCMOS25             |       | 12       | SLOW |              |          |          |
| displayOut<3>                      | IOB              | OUTPUT    | LVCMOS25             |       | 12       | SLOW |              |          |          |
| dstb                               | IOB              | INPUT     | LVCMOS25             |       |          |      |              |          |          |
| loaddone                           | IOB              | OUTPUT    | LVCMOS25             |       | 12       | SLOW |              |          |          |
| memoryWrite                        | IOB              | OUTPUT    | LVCMOS25             |       | 12       | SLOW |              |          |          |
| pdb<0>                             | IOB              | BIDIR     | LVCMOS25             |       | 12       | SLOW |              |          |          |
| pdb<1>                             | IOB              | BIDIR     | LVCMOS25             |       | 12       | SLOW |              |          |          |
| pdb<2>                             | IOB              | BIDIR     | LVCMOS25             |       | 12       | SLOW |              |          |          |
| pdb<3>                             | IOB              | BIDIR     | LVCMOS25             |       | 12       | SLOW |              |          |          |
| pdb<4>                             | IOB              | BIDIR     | LVCMOS25             |       | 12       | SLOW |              |          |          |
| pdb<5>                             | IOB              | BIDIR     | LVCMOS25             |       | 12       | SLOW |              |          |          |
| pdb<6>                             | IOB              | BIDIR     | LVCMOS25             |       | 12       | SLOW |              |          |          |
| pdb<7>                             | IOB              | BIDIR     | LVCMOS25             |       | 12       | SLOW |              |          |          |
| play                               | IOB              | INPUT     | LVCMOS25             |       |          |      |              |          |          |
| pulse                              | IOB              | INPUT     | LVCMOS25             |       |          |      |              |          |          |
| pwait                              | IOB              | OUTPUT    | LVCMOS25             |       | 12       | SLOW |              |          |          |
| pwr                                | IOB              | INPUT     | LVCMOS25             |       |          |      |              |          |          |
| reset                              | IOB              | INPUT     | LVCMOS25             |       |          |      |              |          |          |
| reset_sense                        | IOB              | INPUT     | LVCMOS25             |       |          |      |              |          |          |
| segments<0>                        | IOB              | OUTPUT    | LVCMOS25             |       | 12       | SLOW |              |          |          |
| segments<1>                        | IOB              | OUTPUT    | LVCMOS25             |       | 12       | SLOW |              |          |          |
| segments<2>                        | IOB              | OUTPUT    | LVCMOS25             |       | 12       | SLOW |              |          |          |
| segments<3>                        | IOB              | OUTPUT    | LVCMOS25             |       | 12       | SLOW |              |          |          |
| segments<4>                        | IOB              | OUTPUT    | LVCMOS25             |       | 12       | SLOW |              |          |          |
| segments<5>                        | IOB              | OUTPUT    | LVCMOS25             |       | 12       | SLOW |              |          |          |
| segments<6>                        | IOB              | OUTPUT    | LVCMOS25             |       | 12       | SLOW |              |          |          |
| segments<7>                        | IOB              | OUTPUT    | LVCMOS25             |       | 12       | SLOW |              |          |          |
| speaker                            | IOB              | OUTPUT    | LVCMOS25             |       | 12       | SLOW |              |          |          |
| tempo_down                         | IOB              | INPUT     | LVCMOS25             |       |          |      |              |          |          |
| tempo_mode                         | IOB              | INPUT     | LVCMOS25             |       |          |      |              |          |          |
| tempo_mode2                        | IOB              | INPUT     | LVCMOS25             |       |          |      |              |          |          |
| tempo_up                           | IOB              | INPUT     | LVCMOS25             |       |          |      |              |          |          |
| trig                               | IOB              | OUTPUT    | LVCMOS25             |       | 12       | SLOW |              |          |          |
+---------------------------------------------------------------------------------------------------------------------------------------------------------+

Section 7 - RPMs
----------------

Section 8 - Guide Report
------------------------
Guide not run on this design.

Section 9 - Area Group and Partition Summary
--------------------------------------------

Partition Implementation Status
-------------------------------

  No Partitions were found in this design.

-------------------------------

Area Group Information
----------------------

  No area groups were found in this design.

----------------------

Section 10 - Timing Report
--------------------------
This design was not run using timing mode.

Section 11 - Configuration String Details
-----------------------------------------
Use the "-detail" map option to print out Configuration Strings

Section 12 - Control Set Information
------------------------------------
No control set information for this architecture.

Section 13 - Utilization by Hierarchy
-------------------------------------
Use the "-detail" map option to print out the Utilization by Hierarchy section.
